<?xml version="1.0" encoding="UTF-8"?>
<robot generator="Robot 3.1.2 (Python 3.7.4 on win32)" generated="20190930 08:59:36.407" rpa="false">
<suite id="s1" name="Webshop test" source="C:\Users\User\eclipse-workspace\Webshop_test">
<suite id="s1-s1" name="Regisztracio Din Sel" source="C:\Users\User\eclipse-workspace\Webshop_test\regisztracio_din_sel.robot">
<test id="s1-s1-t1" name="Oldal Indítása">
<kw name="Egyedi Lokátorok hozzáadása" type="setup">
<kw name="Add locators" library="locator">
<kw name="Add Location Strategy" library="SeleniumLibrary">
<doc>Adds a custom location strategy.</doc>
<arguments>
<arg>LOC_header</arg>
<arg>Locator Header</arg>
</arguments>
<status status="PASS" starttime="20190930 08:59:37.077" endtime="20190930 08:59:37.108"></status>
</kw>
<kw name="Add Location Strategy" library="SeleniumLibrary">
<doc>Adds a custom location strategy.</doc>
<arguments>
<arg>LOC_text</arg>
<arg>Locator Text</arg>
</arguments>
<status status="PASS" starttime="20190930 08:59:37.108" endtime="20190930 08:59:37.108"></status>
</kw>
<kw name="Add Location Strategy" library="SeleniumLibrary">
<doc>Adds a custom location strategy.</doc>
<arguments>
<arg>LOC_button</arg>
<arg>Locator Button</arg>
</arguments>
<status status="PASS" starttime="20190930 08:59:37.108" endtime="20190930 08:59:37.124"></status>
</kw>
<kw name="Add Location Strategy" library="SeleniumLibrary">
<doc>Adds a custom location strategy.</doc>
<arguments>
<arg>LOC_SelectDate</arg>
<arg>Locator SelectDate</arg>
</arguments>
<status status="PASS" starttime="20190930 08:59:37.124" endtime="20190930 08:59:37.124"></status>
</kw>
<kw name="Add Location Strategy" library="SeleniumLibrary">
<doc>Adds a custom location strategy.</doc>
<arguments>
<arg>LOC_Select</arg>
<arg>Locator Select</arg>
</arguments>
<status status="PASS" starttime="20190930 08:59:37.124" endtime="20190930 08:59:37.124"></status>
</kw>
<kw name="Add Location Strategy" library="SeleniumLibrary">
<doc>Adds a custom location strategy.</doc>
<arguments>
<arg>LOC_Radio</arg>
<arg>Locator Radio</arg>
</arguments>
<status status="PASS" starttime="20190930 08:59:37.124" endtime="20190930 08:59:37.124"></status>
</kw>
<status status="PASS" starttime="20190930 08:59:37.077" endtime="20190930 08:59:37.124"></status>
</kw>
<status status="PASS" starttime="20190930 08:59:37.060" endtime="20190930 08:59:37.124"></status>
</kw>
<kw name="Oldal Indítás">
<kw name="Open Browser" library="SeleniumLibrary">
<doc>Opens a new browser instance to the given ``url``.</doc>
<arguments>
<arg>http://automationpractice.com</arg>
<arg>Chrome</arg>
</arguments>
<msg timestamp="20190930 08:59:37.155" level="INFO">Opening browser 'Chrome' to base url 'http://automationpractice.com'.</msg>
<status status="PASS" starttime="20190930 08:59:37.139" endtime="20190930 08:59:47.990"></status>
</kw>
<kw name="Maximize Browser Window" library="SeleniumLibrary">
<doc>Maximizes current browser window.</doc>
<status status="PASS" starttime="20190930 08:59:47.991" endtime="20190930 08:59:52.180"></status>
</kw>
<kw name="Set Browser Implicit Wait" library="SeleniumLibrary">
<doc>Sets the implicit wait value used by Selenium.</doc>
<arguments>
<arg>2000</arg>
</arguments>
<status status="PASS" starttime="20190930 08:59:52.183" endtime="20190930 08:59:52.206"></status>
</kw>
<status status="PASS" starttime="20190930 08:59:37.139" endtime="20190930 08:59:52.207"></status>
</kw>
<status status="PASS" starttime="20190930 08:59:37.059" endtime="20190930 08:59:52.207" critical="yes"></status>
</test>
<test id="s1-s1-t2" name="Regisztráció">
<kw name="Egyedi Lokátorok hozzáadása" type="setup">
<kw name="Add locators" library="locator">
<kw name="Add Location Strategy" library="SeleniumLibrary">
<doc>Adds a custom location strategy.</doc>
<arguments>
<arg>LOC_header</arg>
<arg>Locator Header</arg>
</arguments>
<status status="PASS" starttime="20190930 08:59:52.216" endtime="20190930 08:59:52.223"></status>
</kw>
<kw name="Add Location Strategy" library="SeleniumLibrary">
<doc>Adds a custom location strategy.</doc>
<arguments>
<arg>LOC_text</arg>
<arg>Locator Text</arg>
</arguments>
<status status="PASS" starttime="20190930 08:59:52.223" endtime="20190930 08:59:52.226"></status>
</kw>
<kw name="Add Location Strategy" library="SeleniumLibrary">
<doc>Adds a custom location strategy.</doc>
<arguments>
<arg>LOC_button</arg>
<arg>Locator Button</arg>
</arguments>
<status status="PASS" starttime="20190930 08:59:52.226" endtime="20190930 08:59:52.228"></status>
</kw>
<kw name="Add Location Strategy" library="SeleniumLibrary">
<doc>Adds a custom location strategy.</doc>
<arguments>
<arg>LOC_SelectDate</arg>
<arg>Locator SelectDate</arg>
</arguments>
<status status="PASS" starttime="20190930 08:59:52.229" endtime="20190930 08:59:52.231"></status>
</kw>
<kw name="Add Location Strategy" library="SeleniumLibrary">
<doc>Adds a custom location strategy.</doc>
<arguments>
<arg>LOC_Select</arg>
<arg>Locator Select</arg>
</arguments>
<status status="PASS" starttime="20190930 08:59:52.231" endtime="20190930 08:59:52.231"></status>
</kw>
<kw name="Add Location Strategy" library="SeleniumLibrary">
<doc>Adds a custom location strategy.</doc>
<arguments>
<arg>LOC_Radio</arg>
<arg>Locator Radio</arg>
</arguments>
<status status="PASS" starttime="20190930 08:59:52.231" endtime="20190930 08:59:52.231"></status>
</kw>
<status status="PASS" starttime="20190930 08:59:52.212" endtime="20190930 08:59:52.231"></status>
</kw>
<status status="PASS" starttime="20190930 08:59:52.209" endtime="20190930 08:59:52.231"></status>
</kw>
<kw name="Headerben kattintás">
<arguments>
<arg>Sign in</arg>
</arguments>
<kw name="Click Link" library="SeleniumLibrary">
<doc>Clicks a link identified by ``locator``.</doc>
<arguments>
<arg>LOC_header:${nev}</arg>
</arguments>
<msg timestamp="20190930 08:59:52.262" level="INFO">Clicking link 'LOC_header:Sign in'.</msg>
<kw name="Locator Header" library="locator">
<arguments>
<arg>&lt;selenium.webdriver.chrome.webdriver.WebDriver (session="724f3017ef8728e61bd7f7afca082e41")&gt;</arg>
<arg>Sign in</arg>
<arg>a</arg>
<arg>{}</arg>
</arguments>
<kw name="Get WebElement" library="SeleniumLibrary">
<doc>Returns the first WebElement matching the given ``locator``.</doc>
<arguments>
<arg>//div[@class='header-container']//a[contains(text(),'${locator}')]</arg>
</arguments>
<assign>
<var>${element}</var>
</assign>
<msg timestamp="20190930 08:59:52.293" level="INFO">${element} = &lt;selenium.webdriver.remote.webelement.WebElement (session="724f3017ef8728e61bd7f7afca082e41", element="c407cb14-72c7-4ed1-b3c6-9e676e5d0864")&gt;</msg>
<status status="PASS" starttime="20190930 08:59:52.262" endtime="20190930 08:59:52.293"></status>
</kw>
<status status="PASS" starttime="20190930 08:59:52.262" endtime="20190930 08:59:52.293"></status>
</kw>
<status status="PASS" starttime="20190930 08:59:52.246" endtime="20190930 08:59:54.017"></status>
</kw>
<status status="PASS" starttime="20190930 08:59:52.231" endtime="20190930 08:59:54.018"></status>
</kw>
<kw name="Szövegbeírás">
<arguments>
<arg>Create an account;Email address</arg>
<arg>${Email address}</arg>
</arguments>
<kw name="Input Text" library="SeleniumLibrary">
<doc>Types the given ``text`` into text field identified by ``locator``.</doc>
<arguments>
<arg>LOC_text:${hely}</arg>
<arg>${szoveg}</arg>
</arguments>
<msg timestamp="20190930 08:59:54.040" level="INFO">Typing text 'robi@robot.hu' into text field 'LOC_text:Create an account;Email address'.</msg>
<kw name="Locator Text" library="locator">
<arguments>
<arg>&lt;selenium.webdriver.chrome.webdriver.WebDriver (session="724f3017ef8728e61bd7f7afca082e41")&gt;</arg>
<arg>Create an account;Email address</arg>
<arg>None</arg>
<arg>{}</arg>
</arguments>
<kw name="Split String" library="String">
<doc>Splits the ``string`` using ``separator`` as a delimiter string.</doc>
<arguments>
<arg>${locator}</arg>
<arg>;</arg>
</arguments>
<assign>
<var>@{element_parameterek}</var>
</assign>
<msg timestamp="20190930 08:59:54.068" level="INFO">@{element_parameterek} = [ Create an account | Email address ]</msg>
<status status="PASS" starttime="20190930 08:59:54.056" endtime="20190930 08:59:54.068"></status>
</kw>
<kw name="Get Length" library="BuiltIn">
<doc>Returns and logs the length of the given item as an integer.</doc>
<arguments>
<arg>${element_parameterek}</arg>
</arguments>
<assign>
<var>${lista_meret}</var>
</assign>
<msg timestamp="20190930 08:59:54.081" level="INFO">Length is 2</msg>
<msg timestamp="20190930 08:59:54.081" level="INFO">${lista_meret} = 2</msg>
<status status="PASS" starttime="20190930 08:59:54.069" endtime="20190930 08:59:54.081"></status>
</kw>
<kw name="Run Keyword If" library="BuiltIn">
<doc>Runs the given keyword with the given arguments, if ``condition`` is true.</doc>
<arguments>
<arg>${lista_meret} &lt; 2</arg>
<arg>SeleniumLibrary.Get WebElement</arg>
<arg>//label[contains(text(),'@{element_parameterek}[0]')]/ancestor::*[substring-after(@class, "form-")="group" or substring-before(@class, "group")="form-"]//*[self::input or self::textarea]</arg>
<arg>ELSE</arg>
<arg>SeleniumLibrary.Get WebElement</arg>
<arg>//h3[contains(text(),'@{element_parameterek}[0]')]/..//label[contains(text(),'@{element_parameterek}[1]')]/ancestor::*[substring-after(@class, "form-")="group" or substring-before(@class, "group")="form-"]//*[self::input or self::textarea]</arg>
</arguments>
<assign>
<var>${element}</var>
</assign>
<kw name="Get WebElement" library="SeleniumLibrary">
<doc>Returns the first WebElement matching the given ``locator``.</doc>
<arguments>
<arg>//h3[contains(text(),'@{element_parameterek}[0]')]/..//label[contains(text(),'@{element_parameterek}[1]')]/ancestor::*[substring-after(@class, "form-")="group" or substring-before(@class, "group")="form-"]//*[self::input or self::textarea]</arg>
</arguments>
<status status="PASS" starttime="20190930 08:59:54.092" endtime="20190930 08:59:54.117"></status>
</kw>
<msg timestamp="20190930 08:59:54.118" level="INFO">${element} = &lt;selenium.webdriver.remote.webelement.WebElement (session="724f3017ef8728e61bd7f7afca082e41", element="372105a4-0d9b-43ff-8866-c2d8e6237e68")&gt;</msg>
<status status="PASS" starttime="20190930 08:59:54.082" endtime="20190930 08:59:54.118"></status>
</kw>
<status status="PASS" starttime="20190930 08:59:54.041" endtime="20190930 08:59:54.119"></status>
</kw>
<status status="PASS" starttime="20190930 08:59:54.025" endtime="20190930 08:59:54.320"></status>
</kw>
<status status="PASS" starttime="20190930 08:59:54.019" endtime="20190930 08:59:54.321"></status>
</kw>
<kw name="Gombra kattintás">
<arguments>
<arg>Create an account</arg>
</arguments>
<kw name="Click Element" library="SeleniumLibrary">
<doc>Click element identified by ``locator``.</doc>
<arguments>
<arg>LOC_button:${nev}</arg>
</arguments>
<msg timestamp="20190930 08:59:54.345" level="INFO">Clicking element 'LOC_button:Create an account'.</msg>
<kw name="Locator Button" library="locator">
<arguments>
<arg>&lt;selenium.webdriver.chrome.webdriver.WebDriver (session="724f3017ef8728e61bd7f7afca082e41")&gt;</arg>
<arg>Create an account</arg>
<arg>None</arg>
<arg>{}</arg>
</arguments>
<kw name="Get WebElement" library="SeleniumLibrary">
<doc>Returns the first WebElement matching the given ``locator``.</doc>
<arguments>
<arg>//span[text()[normalize-space() = '${locator}']]/ancestor::button</arg>
</arguments>
<assign>
<var>${element}</var>
</assign>
<msg timestamp="20190930 08:59:54.383" level="INFO">${element} = &lt;selenium.webdriver.remote.webelement.WebElement (session="724f3017ef8728e61bd7f7afca082e41", element="e34fbbcb-a0ae-4ab5-9928-38705809272b")&gt;</msg>
<status status="PASS" starttime="20190930 08:59:54.358" endtime="20190930 08:59:54.383"></status>
</kw>
<status status="PASS" starttime="20190930 08:59:54.345" endtime="20190930 08:59:54.384"></status>
</kw>
<status status="PASS" starttime="20190930 08:59:54.332" endtime="20190930 08:59:54.543"></status>
</kw>
<status status="PASS" starttime="20190930 08:59:54.322" endtime="20190930 08:59:54.544"></status>
</kw>
<kw name="Radio gomb választás">
<arguments>
<arg>Your personal information;Title</arg>
<arg>${Title}</arg>
</arguments>
<kw name="Click Element" library="SeleniumLibrary">
<doc>Click element identified by ``locator``.</doc>
<arguments>
<arg>LOC_Radio:${hely};${ertek}</arg>
</arguments>
<msg timestamp="20190930 08:59:54.555" level="INFO">Clicking element 'LOC_Radio:Your personal information;Title;Mr.'.</msg>
<kw name="Locator Radio" library="locator">
<arguments>
<arg>&lt;selenium.webdriver.chrome.webdriver.WebDriver (session="724f3017ef8728e61bd7f7afca082e41")&gt;</arg>
<arg>Your personal information;Title;Mr.</arg>
<arg>None</arg>
<arg>{}</arg>
</arguments>
<kw name="Split String" library="String">
<doc>Splits the ``string`` using ``separator`` as a delimiter string.</doc>
<arguments>
<arg>${locator}</arg>
<arg>;</arg>
</arguments>
<assign>
<var>@{element_parameterek}</var>
</assign>
<msg timestamp="20190930 08:59:54.588" level="INFO">@{element_parameterek} = [ Your personal information | Title | Mr. ]</msg>
<status status="PASS" starttime="20190930 08:59:54.585" endtime="20190930 08:59:54.588"></status>
</kw>
<kw name="Get Length" library="BuiltIn">
<doc>Returns and logs the length of the given item as an integer.</doc>
<arguments>
<arg>${element_parameterek}</arg>
</arguments>
<assign>
<var>${lista_meret}</var>
</assign>
<msg timestamp="20190930 08:59:54.591" level="INFO">Length is 3</msg>
<msg timestamp="20190930 08:59:54.591" level="INFO">${lista_meret} = 3</msg>
<status status="PASS" starttime="20190930 08:59:54.589" endtime="20190930 08:59:54.591"></status>
</kw>
<kw name="Run Keyword If" library="BuiltIn">
<doc>Runs the given keyword with the given arguments, if ``condition`` is true.</doc>
<arguments>
<arg>${lista_meret} &lt; 3</arg>
<arg>SeleniumLibrary.Get WebElement</arg>
<arg>//label[contains(text(),'@{element_parameterek}[0]')]/..//label[contains(normalize-space(.), "@{element_parameterek}[1]")]/..//input</arg>
<arg>ELSE</arg>
<arg>SeleniumLibrary.Get WebElement</arg>
<arg>//h3[contains(text(),'@{element_parameterek}[0]')]/..//label[contains(text(),'@{element_parameterek}[1]')]/..//label[contains(normalize-space(.), "@{element_parameterek}[2]")]/..//input</arg>
</arguments>
<assign>
<var>${element}</var>
</assign>
<kw name="Get WebElement" library="SeleniumLibrary">
<doc>Returns the first WebElement matching the given ``locator``.</doc>
<arguments>
<arg>//h3[contains(text(),'@{element_parameterek}[0]')]/..//label[contains(text(),'@{element_parameterek}[1]')]/..//label[contains(normalize-space(.), "@{element_parameterek}[2]")]/..//input</arg>
</arguments>
<status status="PASS" starttime="20190930 08:59:54.594" endtime="20190930 08:59:56.482"></status>
</kw>
<msg timestamp="20190930 08:59:56.483" level="INFO">${element} = &lt;selenium.webdriver.remote.webelement.WebElement (session="724f3017ef8728e61bd7f7afca082e41", element="40ce053e-fbc7-4325-b875-44967a5b9eb0")&gt;</msg>
<status status="PASS" starttime="20190930 08:59:54.592" endtime="20190930 08:59:56.483"></status>
</kw>
<status status="PASS" starttime="20190930 08:59:54.556" endtime="20190930 08:59:56.484"></status>
</kw>
<status status="PASS" starttime="20190930 08:59:54.553" endtime="20190930 08:59:56.559"></status>
</kw>
<status status="PASS" starttime="20190930 08:59:54.546" endtime="20190930 08:59:56.560"></status>
</kw>
<kw name="Szövegbeírás">
<arguments>
<arg>First name</arg>
<arg>${First Name}</arg>
</arguments>
<kw name="Input Text" library="SeleniumLibrary">
<doc>Types the given ``text`` into text field identified by ``locator``.</doc>
<arguments>
<arg>LOC_text:${hely}</arg>
<arg>${szoveg}</arg>
</arguments>
<msg timestamp="20190930 08:59:56.568" level="INFO">Typing text 'Robi' into text field 'LOC_text:First name'.</msg>
<kw name="Locator Text" library="locator">
<arguments>
<arg>&lt;selenium.webdriver.chrome.webdriver.WebDriver (session="724f3017ef8728e61bd7f7afca082e41")&gt;</arg>
<arg>First name</arg>
<arg>None</arg>
<arg>{}</arg>
</arguments>
<kw name="Split String" library="String">
<doc>Splits the ``string`` using ``separator`` as a delimiter string.</doc>
<arguments>
<arg>${locator}</arg>
<arg>;</arg>
</arguments>
<assign>
<var>@{element_parameterek}</var>
</assign>
<msg timestamp="20190930 08:59:56.576" level="INFO">@{element_parameterek} = [ First name ]</msg>
<status status="PASS" starttime="20190930 08:59:56.574" endtime="20190930 08:59:56.576"></status>
</kw>
<kw name="Get Length" library="BuiltIn">
<doc>Returns and logs the length of the given item as an integer.</doc>
<arguments>
<arg>${element_parameterek}</arg>
</arguments>
<assign>
<var>${lista_meret}</var>
</assign>
<msg timestamp="20190930 08:59:56.581" level="INFO">Length is 1</msg>
<msg timestamp="20190930 08:59:56.581" level="INFO">${lista_meret} = 1</msg>
<status status="PASS" starttime="20190930 08:59:56.577" endtime="20190930 08:59:56.581"></status>
</kw>
<kw name="Run Keyword If" library="BuiltIn">
<doc>Runs the given keyword with the given arguments, if ``condition`` is true.</doc>
<arguments>
<arg>${lista_meret} &lt; 2</arg>
<arg>SeleniumLibrary.Get WebElement</arg>
<arg>//label[contains(text(),'@{element_parameterek}[0]')]/ancestor::*[substring-after(@class, "form-")="group" or substring-before(@class, "group")="form-"]//*[self::input or self::textarea]</arg>
<arg>ELSE</arg>
<arg>SeleniumLibrary.Get WebElement</arg>
<arg>//h3[contains(text(),'@{element_parameterek}[0]')]/..//label[contains(text(),'@{element_parameterek}[1]')]/ancestor::*[substring-after(@class, "form-")="group" or substring-before(@class, "group")="form-"]//*[self::input or self::textarea]</arg>
</arguments>
<assign>
<var>${element}</var>
</assign>
<kw name="Get WebElement" library="SeleniumLibrary">
<doc>Returns the first WebElement matching the given ``locator``.</doc>
<arguments>
<arg>//label[contains(text(),'@{element_parameterek}[0]')]/ancestor::*[substring-after(@class, "form-")="group" or substring-before(@class, "group")="form-"]//*[self::input or self::textarea]</arg>
</arguments>
<status status="PASS" starttime="20190930 08:59:56.586" endtime="20190930 08:59:56.622"></status>
</kw>
<msg timestamp="20190930 08:59:56.624" level="INFO">${element} = &lt;selenium.webdriver.remote.webelement.WebElement (session="724f3017ef8728e61bd7f7afca082e41", element="e416a6c3-9923-4da0-af82-108288cbb23b")&gt;</msg>
<status status="PASS" starttime="20190930 08:59:56.582" endtime="20190930 08:59:56.624"></status>
</kw>
<status status="PASS" starttime="20190930 08:59:56.569" endtime="20190930 08:59:56.626"></status>
</kw>
<status status="PASS" starttime="20190930 08:59:56.565" endtime="20190930 08:59:56.760"></status>
</kw>
<status status="PASS" starttime="20190930 08:59:56.560" endtime="20190930 08:59:56.762"></status>
</kw>
<kw name="Szövegbeírás">
<arguments>
<arg>Last name</arg>
<arg>${Last Name}</arg>
</arguments>
<kw name="Input Text" library="SeleniumLibrary">
<doc>Types the given ``text`` into text field identified by ``locator``.</doc>
<arguments>
<arg>LOC_text:${hely}</arg>
<arg>${szoveg}</arg>
</arguments>
<msg timestamp="20190930 08:59:56.771" level="INFO">Typing text 'Robot' into text field 'LOC_text:Last name'.</msg>
<kw name="Locator Text" library="locator">
<arguments>
<arg>&lt;selenium.webdriver.chrome.webdriver.WebDriver (session="724f3017ef8728e61bd7f7afca082e41")&gt;</arg>
<arg>Last name</arg>
<arg>None</arg>
<arg>{}</arg>
</arguments>
<kw name="Split String" library="String">
<doc>Splits the ``string`` using ``separator`` as a delimiter string.</doc>
<arguments>
<arg>${locator}</arg>
<arg>;</arg>
</arguments>
<assign>
<var>@{element_parameterek}</var>
</assign>
<msg timestamp="20190930 08:59:56.780" level="INFO">@{element_parameterek} = [ Last name ]</msg>
<status status="PASS" starttime="20190930 08:59:56.775" endtime="20190930 08:59:56.780"></status>
</kw>
<kw name="Get Length" library="BuiltIn">
<doc>Returns and logs the length of the given item as an integer.</doc>
<arguments>
<arg>${element_parameterek}</arg>
</arguments>
<assign>
<var>${lista_meret}</var>
</assign>
<msg timestamp="20190930 08:59:56.784" level="INFO">Length is 1</msg>
<msg timestamp="20190930 08:59:56.785" level="INFO">${lista_meret} = 1</msg>
<status status="PASS" starttime="20190930 08:59:56.781" endtime="20190930 08:59:56.786"></status>
</kw>
<kw name="Run Keyword If" library="BuiltIn">
<doc>Runs the given keyword with the given arguments, if ``condition`` is true.</doc>
<arguments>
<arg>${lista_meret} &lt; 2</arg>
<arg>SeleniumLibrary.Get WebElement</arg>
<arg>//label[contains(text(),'@{element_parameterek}[0]')]/ancestor::*[substring-after(@class, "form-")="group" or substring-before(@class, "group")="form-"]//*[self::input or self::textarea]</arg>
<arg>ELSE</arg>
<arg>SeleniumLibrary.Get WebElement</arg>
<arg>//h3[contains(text(),'@{element_parameterek}[0]')]/..//label[contains(text(),'@{element_parameterek}[1]')]/ancestor::*[substring-after(@class, "form-")="group" or substring-before(@class, "group")="form-"]//*[self::input or self::textarea]</arg>
</arguments>
<assign>
<var>${element}</var>
</assign>
<kw name="Get WebElement" library="SeleniumLibrary">
<doc>Returns the first WebElement matching the given ``locator``.</doc>
<arguments>
<arg>//label[contains(text(),'@{element_parameterek}[0]')]/ancestor::*[substring-after(@class, "form-")="group" or substring-before(@class, "group")="form-"]//*[self::input or self::textarea]</arg>
</arguments>
<status status="PASS" starttime="20190930 08:59:56.790" endtime="20190930 08:59:56.813"></status>
</kw>
<msg timestamp="20190930 08:59:56.814" level="INFO">${element} = &lt;selenium.webdriver.remote.webelement.WebElement (session="724f3017ef8728e61bd7f7afca082e41", element="7b4bddd8-4a1f-45a3-b22a-5a28e443f49a")&gt;</msg>
<status status="PASS" starttime="20190930 08:59:56.788" endtime="20190930 08:59:56.814"></status>
</kw>
<status status="PASS" starttime="20190930 08:59:56.772" endtime="20190930 08:59:56.815"></status>
</kw>
<status status="PASS" starttime="20190930 08:59:56.768" endtime="20190930 08:59:56.950"></status>
</kw>
<status status="PASS" starttime="20190930 08:59:56.762" endtime="20190930 08:59:56.951"></status>
</kw>
<kw name="Szövegellenőrzés">
<arguments>
<arg>Email</arg>
<arg>${Email address}</arg>
</arguments>
<kw name="Textfield Value Should Be" library="SeleniumLibrary">
<doc>Verifies text field ``locator`` has exactly text ``expected``.</doc>
<arguments>
<arg>LOC_text:${hely}</arg>
<arg>${ertek}</arg>
</arguments>
<kw name="Locator Text" library="locator">
<arguments>
<arg>&lt;selenium.webdriver.chrome.webdriver.WebDriver (session="724f3017ef8728e61bd7f7afca082e41")&gt;</arg>
<arg>Email</arg>
<arg>input</arg>
<arg>{'type': ['date', 'datetime-local', 'email', 'month', 'number', 'password', 'search', 'tel', 'text', 'time', 'url', 'week', 'file']}</arg>
</arguments>
<kw name="Split String" library="String">
<doc>Splits the ``string`` using ``separator`` as a delimiter string.</doc>
<arguments>
<arg>${locator}</arg>
<arg>;</arg>
</arguments>
<assign>
<var>@{element_parameterek}</var>
</assign>
<msg timestamp="20190930 08:59:56.977" level="INFO">@{element_parameterek} = [ Email ]</msg>
<status status="PASS" starttime="20190930 08:59:56.974" endtime="20190930 08:59:56.977"></status>
</kw>
<kw name="Get Length" library="BuiltIn">
<doc>Returns and logs the length of the given item as an integer.</doc>
<arguments>
<arg>${element_parameterek}</arg>
</arguments>
<assign>
<var>${lista_meret}</var>
</assign>
<msg timestamp="20190930 08:59:56.982" level="INFO">Length is 1</msg>
<msg timestamp="20190930 08:59:56.982" level="INFO">${lista_meret} = 1</msg>
<status status="PASS" starttime="20190930 08:59:56.979" endtime="20190930 08:59:56.983"></status>
</kw>
<kw name="Run Keyword If" library="BuiltIn">
<doc>Runs the given keyword with the given arguments, if ``condition`` is true.</doc>
<arguments>
<arg>${lista_meret} &lt; 2</arg>
<arg>SeleniumLibrary.Get WebElement</arg>
<arg>//label[contains(text(),'@{element_parameterek}[0]')]/ancestor::*[substring-after(@class, "form-")="group" or substring-before(@class, "group")="form-"]//*[self::input or self::textarea]</arg>
<arg>ELSE</arg>
<arg>SeleniumLibrary.Get WebElement</arg>
<arg>//h3[contains(text(),'@{element_parameterek}[0]')]/..//label[contains(text(),'@{element_parameterek}[1]')]/ancestor::*[substring-after(@class, "form-")="group" or substring-before(@class, "group")="form-"]//*[self::input or self::textarea]</arg>
</arguments>
<assign>
<var>${element}</var>
</assign>
<kw name="Get WebElement" library="SeleniumLibrary">
<doc>Returns the first WebElement matching the given ``locator``.</doc>
<arguments>
<arg>//label[contains(text(),'@{element_parameterek}[0]')]/ancestor::*[substring-after(@class, "form-")="group" or substring-before(@class, "group")="form-"]//*[self::input or self::textarea]</arg>
</arguments>
<status status="PASS" starttime="20190930 08:59:56.988" endtime="20190930 08:59:57.008"></status>
</kw>
<msg timestamp="20190930 08:59:57.009" level="INFO">${element} = &lt;selenium.webdriver.remote.webelement.WebElement (session="724f3017ef8728e61bd7f7afca082e41", element="0bb4bd29-0a17-4ddc-9ffb-d5a52c37ff39")&gt;</msg>
<status status="PASS" starttime="20190930 08:59:56.984" endtime="20190930 08:59:57.009"></status>
</kw>
<status status="PASS" starttime="20190930 08:59:56.972" endtime="20190930 08:59:57.010"></status>
</kw>
<msg timestamp="20190930 08:59:57.099" level="INFO">Content of text field 'LOC_text:Email' is 'robi@robot.hu'.</msg>
<status status="PASS" starttime="20190930 08:59:56.960" endtime="20190930 08:59:57.099"></status>
</kw>
<status status="PASS" starttime="20190930 08:59:56.952" endtime="20190930 08:59:57.101"></status>
</kw>
<kw name="Szövegbeírás">
<arguments>
<arg>Password</arg>
<arg>${Password}</arg>
</arguments>
<kw name="Input Text" library="SeleniumLibrary">
<doc>Types the given ``text`` into text field identified by ``locator``.</doc>
<arguments>
<arg>LOC_text:${hely}</arg>
<arg>${szoveg}</arg>
</arguments>
<msg timestamp="20190930 08:59:57.111" level="INFO">Typing text 'Password1' into text field 'LOC_text:Password'.</msg>
<kw name="Locator Text" library="locator">
<arguments>
<arg>&lt;selenium.webdriver.chrome.webdriver.WebDriver (session="724f3017ef8728e61bd7f7afca082e41")&gt;</arg>
<arg>Password</arg>
<arg>None</arg>
<arg>{}</arg>
</arguments>
<kw name="Split String" library="String">
<doc>Splits the ``string`` using ``separator`` as a delimiter string.</doc>
<arguments>
<arg>${locator}</arg>
<arg>;</arg>
</arguments>
<assign>
<var>@{element_parameterek}</var>
</assign>
<msg timestamp="20190930 08:59:57.120" level="INFO">@{element_parameterek} = [ Password ]</msg>
<status status="PASS" starttime="20190930 08:59:57.118" endtime="20190930 08:59:57.120"></status>
</kw>
<kw name="Get Length" library="BuiltIn">
<doc>Returns and logs the length of the given item as an integer.</doc>
<arguments>
<arg>${element_parameterek}</arg>
</arguments>
<assign>
<var>${lista_meret}</var>
</assign>
<msg timestamp="20190930 08:59:57.123" level="INFO">Length is 1</msg>
<msg timestamp="20190930 08:59:57.123" level="INFO">${lista_meret} = 1</msg>
<status status="PASS" starttime="20190930 08:59:57.121" endtime="20190930 08:59:57.123"></status>
</kw>
<kw name="Run Keyword If" library="BuiltIn">
<doc>Runs the given keyword with the given arguments, if ``condition`` is true.</doc>
<arguments>
<arg>${lista_meret} &lt; 2</arg>
<arg>SeleniumLibrary.Get WebElement</arg>
<arg>//label[contains(text(),'@{element_parameterek}[0]')]/ancestor::*[substring-after(@class, "form-")="group" or substring-before(@class, "group")="form-"]//*[self::input or self::textarea]</arg>
<arg>ELSE</arg>
<arg>SeleniumLibrary.Get WebElement</arg>
<arg>//h3[contains(text(),'@{element_parameterek}[0]')]/..//label[contains(text(),'@{element_parameterek}[1]')]/ancestor::*[substring-after(@class, "form-")="group" or substring-before(@class, "group")="form-"]//*[self::input or self::textarea]</arg>
</arguments>
<assign>
<var>${element}</var>
</assign>
<kw name="Get WebElement" library="SeleniumLibrary">
<doc>Returns the first WebElement matching the given ``locator``.</doc>
<arguments>
<arg>//label[contains(text(),'@{element_parameterek}[0]')]/ancestor::*[substring-after(@class, "form-")="group" or substring-before(@class, "group")="form-"]//*[self::input or self::textarea]</arg>
</arguments>
<status status="PASS" starttime="20190930 08:59:57.127" endtime="20190930 08:59:57.148"></status>
</kw>
<msg timestamp="20190930 08:59:57.148" level="INFO">${element} = &lt;selenium.webdriver.remote.webelement.WebElement (session="724f3017ef8728e61bd7f7afca082e41", element="6bf90194-08a2-4083-83b3-d290b4751b91")&gt;</msg>
<status status="PASS" starttime="20190930 08:59:57.124" endtime="20190930 08:59:57.148"></status>
</kw>
<status status="PASS" starttime="20190930 08:59:57.113" endtime="20190930 08:59:57.149"></status>
</kw>
<status status="PASS" starttime="20190930 08:59:57.106" endtime="20190930 08:59:57.322"></status>
</kw>
<status status="PASS" starttime="20190930 08:59:57.102" endtime="20190930 08:59:57.323"></status>
</kw>
<kw name="Dátumválasztás">
<arguments>
<arg>Date of Birth;days</arg>
<arg>${Date of Birth['Days']}</arg>
</arguments>
<kw name="Select From List By Value" library="SeleniumLibrary">
<doc>Selects options from selection list ``locator`` by ``values``.</doc>
<arguments>
<arg>LOC_SelectDate:${hely}</arg>
<arg>${ertek}</arg>
</arguments>
<msg timestamp="20190930 08:59:57.342" level="INFO">Selecting options from selection list 'LOC_SelectDate:Date of Birth;days' by value 1.</msg>
<kw name="Locator SelectDate" library="locator">
<arguments>
<arg>&lt;selenium.webdriver.chrome.webdriver.WebDriver (session="724f3017ef8728e61bd7f7afca082e41")&gt;</arg>
<arg>Date of Birth;days</arg>
<arg>select</arg>
<arg>{}</arg>
</arguments>
<kw name="Split String" library="String">
<doc>Splits the ``string`` using ``separator`` as a delimiter string.</doc>
<arguments>
<arg>${locator}</arg>
<arg>;</arg>
</arguments>
<assign>
<var>@{element_parameterek}</var>
</assign>
<msg timestamp="20190930 08:59:57.357" level="INFO">@{element_parameterek} = [ Date of Birth | days ]</msg>
<status status="PASS" starttime="20190930 08:59:57.355" endtime="20190930 08:59:57.357"></status>
</kw>
<kw name="Get WebElement" library="SeleniumLibrary">
<doc>Returns the first WebElement matching the given ``locator``.</doc>
<arguments>
<arg>//label[contains(text(),'@{element_parameterek}[0]')]/ancestor::*[substring-after(@class, "form-")="group" or substring-before(@class, "group")="form-"]//select[@id='@{element_parameterek}[1]']</arg>
</arguments>
<assign>
<var>${element}</var>
</assign>
<msg timestamp="20190930 08:59:57.382" level="INFO">${element} = &lt;selenium.webdriver.remote.webelement.WebElement (session="724f3017ef8728e61bd7f7afca082e41", element="b2f7756c-b1eb-4dfb-b6d6-5231fce190de")&gt;</msg>
<status status="PASS" starttime="20190930 08:59:57.358" endtime="20190930 08:59:57.382"></status>
</kw>
<status status="PASS" starttime="20190930 08:59:57.343" endtime="20190930 08:59:57.384"></status>
</kw>
<status status="PASS" starttime="20190930 08:59:57.332" endtime="20190930 08:59:57.475"></status>
</kw>
<status status="PASS" starttime="20190930 08:59:57.324" endtime="20190930 08:59:57.476"></status>
</kw>
<kw name="Dátumválasztás">
<arguments>
<arg>Date of Birth;months</arg>
<arg>${Date of Birth['Months']}</arg>
</arguments>
<kw name="Select From List By Value" library="SeleniumLibrary">
<doc>Selects options from selection list ``locator`` by ``values``.</doc>
<arguments>
<arg>LOC_SelectDate:${hely}</arg>
<arg>${ertek}</arg>
</arguments>
<msg timestamp="20190930 08:59:57.485" level="INFO">Selecting options from selection list 'LOC_SelectDate:Date of Birth;months' by value 1.</msg>
<kw name="Locator SelectDate" library="locator">
<arguments>
<arg>&lt;selenium.webdriver.chrome.webdriver.WebDriver (session="724f3017ef8728e61bd7f7afca082e41")&gt;</arg>
<arg>Date of Birth;months</arg>
<arg>select</arg>
<arg>{}</arg>
</arguments>
<kw name="Split String" library="String">
<doc>Splits the ``string`` using ``separator`` as a delimiter string.</doc>
<arguments>
<arg>${locator}</arg>
<arg>;</arg>
</arguments>
<assign>
<var>@{element_parameterek}</var>
</assign>
<msg timestamp="20190930 08:59:57.493" level="INFO">@{element_parameterek} = [ Date of Birth | months ]</msg>
<status status="PASS" starttime="20190930 08:59:57.490" endtime="20190930 08:59:57.493"></status>
</kw>
<kw name="Get WebElement" library="SeleniumLibrary">
<doc>Returns the first WebElement matching the given ``locator``.</doc>
<arguments>
<arg>//label[contains(text(),'@{element_parameterek}[0]')]/ancestor::*[substring-after(@class, "form-")="group" or substring-before(@class, "group")="form-"]//select[@id='@{element_parameterek}[1]']</arg>
</arguments>
<assign>
<var>${element}</var>
</assign>
<msg timestamp="20190930 08:59:57.520" level="INFO">${element} = &lt;selenium.webdriver.remote.webelement.WebElement (session="724f3017ef8728e61bd7f7afca082e41", element="5427bfa9-bc89-4ee2-8780-a5a3fc24767a")&gt;</msg>
<status status="PASS" starttime="20190930 08:59:57.495" endtime="20190930 08:59:57.521"></status>
</kw>
<status status="PASS" starttime="20190930 08:59:57.486" endtime="20190930 08:59:57.522"></status>
</kw>
<status status="PASS" starttime="20190930 08:59:57.482" endtime="20190930 08:59:57.626"></status>
</kw>
<status status="PASS" starttime="20190930 08:59:57.476" endtime="20190930 08:59:57.627"></status>
</kw>
<kw name="Dátumválasztás">
<arguments>
<arg>Date of Birth;years</arg>
<arg>${Date of Birth['Years']}</arg>
</arguments>
<kw name="Select From List By Value" library="SeleniumLibrary">
<doc>Selects options from selection list ``locator`` by ``values``.</doc>
<arguments>
<arg>LOC_SelectDate:${hely}</arg>
<arg>${ertek}</arg>
</arguments>
<msg timestamp="20190930 08:59:57.637" level="INFO">Selecting options from selection list 'LOC_SelectDate:Date of Birth;years' by value 2000.</msg>
<kw name="Locator SelectDate" library="locator">
<arguments>
<arg>&lt;selenium.webdriver.chrome.webdriver.WebDriver (session="724f3017ef8728e61bd7f7afca082e41")&gt;</arg>
<arg>Date of Birth;years</arg>
<arg>select</arg>
<arg>{}</arg>
</arguments>
<kw name="Split String" library="String">
<doc>Splits the ``string`` using ``separator`` as a delimiter string.</doc>
<arguments>
<arg>${locator}</arg>
<arg>;</arg>
</arguments>
<assign>
<var>@{element_parameterek}</var>
</assign>
<msg timestamp="20190930 08:59:57.644" level="INFO">@{element_parameterek} = [ Date of Birth | years ]</msg>
<status status="PASS" starttime="20190930 08:59:57.641" endtime="20190930 08:59:57.644"></status>
</kw>
<kw name="Get WebElement" library="SeleniumLibrary">
<doc>Returns the first WebElement matching the given ``locator``.</doc>
<arguments>
<arg>//label[contains(text(),'@{element_parameterek}[0]')]/ancestor::*[substring-after(@class, "form-")="group" or substring-before(@class, "group")="form-"]//select[@id='@{element_parameterek}[1]']</arg>
</arguments>
<assign>
<var>${element}</var>
</assign>
<msg timestamp="20190930 08:59:57.672" level="INFO">${element} = &lt;selenium.webdriver.remote.webelement.WebElement (session="724f3017ef8728e61bd7f7afca082e41", element="d4948c9e-82a4-4876-b1b1-e44ae23ce302")&gt;</msg>
<status status="PASS" starttime="20190930 08:59:57.647" endtime="20190930 08:59:57.673"></status>
</kw>
<status status="PASS" starttime="20190930 08:59:57.638" endtime="20190930 08:59:57.674"></status>
</kw>
<status status="PASS" starttime="20190930 08:59:57.633" endtime="20190930 08:59:57.758"></status>
</kw>
<status status="PASS" starttime="20190930 08:59:57.628" endtime="20190930 08:59:57.759"></status>
</kw>
<kw name="Szövegbeírás">
<arguments>
<arg>Your address;First name</arg>
<arg>${Your Address First Name}</arg>
</arguments>
<kw name="Input Text" library="SeleniumLibrary">
<doc>Types the given ``text`` into text field identified by ``locator``.</doc>
<arguments>
<arg>LOC_text:${hely}</arg>
<arg>${szoveg}</arg>
</arguments>
<msg timestamp="20190930 08:59:57.767" level="INFO">Typing text 'An' into text field 'LOC_text:Your address;First name'.</msg>
<kw name="Locator Text" library="locator">
<arguments>
<arg>&lt;selenium.webdriver.chrome.webdriver.WebDriver (session="724f3017ef8728e61bd7f7afca082e41")&gt;</arg>
<arg>Your address;First name</arg>
<arg>None</arg>
<arg>{}</arg>
</arguments>
<kw name="Split String" library="String">
<doc>Splits the ``string`` using ``separator`` as a delimiter string.</doc>
<arguments>
<arg>${locator}</arg>
<arg>;</arg>
</arguments>
<assign>
<var>@{element_parameterek}</var>
</assign>
<msg timestamp="20190930 08:59:57.771" level="INFO">@{element_parameterek} = [ Your address | First name ]</msg>
<status status="PASS" starttime="20190930 08:59:57.769" endtime="20190930 08:59:57.772"></status>
</kw>
<kw name="Get Length" library="BuiltIn">
<doc>Returns and logs the length of the given item as an integer.</doc>
<arguments>
<arg>${element_parameterek}</arg>
</arguments>
<assign>
<var>${lista_meret}</var>
</assign>
<msg timestamp="20190930 08:59:57.775" level="INFO">Length is 2</msg>
<msg timestamp="20190930 08:59:57.775" level="INFO">${lista_meret} = 2</msg>
<status status="PASS" starttime="20190930 08:59:57.772" endtime="20190930 08:59:57.775"></status>
</kw>
<kw name="Run Keyword If" library="BuiltIn">
<doc>Runs the given keyword with the given arguments, if ``condition`` is true.</doc>
<arguments>
<arg>${lista_meret} &lt; 2</arg>
<arg>SeleniumLibrary.Get WebElement</arg>
<arg>//label[contains(text(),'@{element_parameterek}[0]')]/ancestor::*[substring-after(@class, "form-")="group" or substring-before(@class, "group")="form-"]//*[self::input or self::textarea]</arg>
<arg>ELSE</arg>
<arg>SeleniumLibrary.Get WebElement</arg>
<arg>//h3[contains(text(),'@{element_parameterek}[0]')]/..//label[contains(text(),'@{element_parameterek}[1]')]/ancestor::*[substring-after(@class, "form-")="group" or substring-before(@class, "group")="form-"]//*[self::input or self::textarea]</arg>
</arguments>
<assign>
<var>${element}</var>
</assign>
<kw name="Get WebElement" library="SeleniumLibrary">
<doc>Returns the first WebElement matching the given ``locator``.</doc>
<arguments>
<arg>//h3[contains(text(),'@{element_parameterek}[0]')]/..//label[contains(text(),'@{element_parameterek}[1]')]/ancestor::*[substring-after(@class, "form-")="group" or substring-before(@class, "group")="form-"]//*[self::input or self::textarea]</arg>
</arguments>
<status status="PASS" starttime="20190930 08:59:57.780" endtime="20190930 08:59:57.804"></status>
</kw>
<msg timestamp="20190930 08:59:57.805" level="INFO">${element} = &lt;selenium.webdriver.remote.webelement.WebElement (session="724f3017ef8728e61bd7f7afca082e41", element="0d43d521-c2fa-426a-88b7-415f323b4684")&gt;</msg>
<status status="PASS" starttime="20190930 08:59:57.776" endtime="20190930 08:59:57.805"></status>
</kw>
<status status="PASS" starttime="20190930 08:59:57.767" endtime="20190930 08:59:57.806"></status>
</kw>
<status status="PASS" starttime="20190930 08:59:57.764" endtime="20190930 08:59:57.918"></status>
</kw>
<status status="PASS" starttime="20190930 08:59:57.760" endtime="20190930 08:59:57.919"></status>
</kw>
<kw name="Szövegbeírás">
<arguments>
<arg>Your address;Last name</arg>
<arg>${Your Address Last Name}</arg>
</arguments>
<kw name="Input Text" library="SeleniumLibrary">
<doc>Types the given ``text`` into text field identified by ``locator``.</doc>
<arguments>
<arg>LOC_text:${hely}</arg>
<arg>${szoveg}</arg>
</arguments>
<msg timestamp="20190930 08:59:57.924" level="INFO">Typing text 'Droid' into text field 'LOC_text:Your address;Last name'.</msg>
<kw name="Locator Text" library="locator">
<arguments>
<arg>&lt;selenium.webdriver.chrome.webdriver.WebDriver (session="724f3017ef8728e61bd7f7afca082e41")&gt;</arg>
<arg>Your address;Last name</arg>
<arg>None</arg>
<arg>{}</arg>
</arguments>
<kw name="Split String" library="String">
<doc>Splits the ``string`` using ``separator`` as a delimiter string.</doc>
<arguments>
<arg>${locator}</arg>
<arg>;</arg>
</arguments>
<assign>
<var>@{element_parameterek}</var>
</assign>
<msg timestamp="20190930 08:59:57.929" level="INFO">@{element_parameterek} = [ Your address | Last name ]</msg>
<status status="PASS" starttime="20190930 08:59:57.926" endtime="20190930 08:59:57.930"></status>
</kw>
<kw name="Get Length" library="BuiltIn">
<doc>Returns and logs the length of the given item as an integer.</doc>
<arguments>
<arg>${element_parameterek}</arg>
</arguments>
<assign>
<var>${lista_meret}</var>
</assign>
<msg timestamp="20190930 08:59:57.934" level="INFO">Length is 2</msg>
<msg timestamp="20190930 08:59:57.934" level="INFO">${lista_meret} = 2</msg>
<status status="PASS" starttime="20190930 08:59:57.931" endtime="20190930 08:59:57.934"></status>
</kw>
<kw name="Run Keyword If" library="BuiltIn">
<doc>Runs the given keyword with the given arguments, if ``condition`` is true.</doc>
<arguments>
<arg>${lista_meret} &lt; 2</arg>
<arg>SeleniumLibrary.Get WebElement</arg>
<arg>//label[contains(text(),'@{element_parameterek}[0]')]/ancestor::*[substring-after(@class, "form-")="group" or substring-before(@class, "group")="form-"]//*[self::input or self::textarea]</arg>
<arg>ELSE</arg>
<arg>SeleniumLibrary.Get WebElement</arg>
<arg>//h3[contains(text(),'@{element_parameterek}[0]')]/..//label[contains(text(),'@{element_parameterek}[1]')]/ancestor::*[substring-after(@class, "form-")="group" or substring-before(@class, "group")="form-"]//*[self::input or self::textarea]</arg>
</arguments>
<assign>
<var>${element}</var>
</assign>
<kw name="Get WebElement" library="SeleniumLibrary">
<doc>Returns the first WebElement matching the given ``locator``.</doc>
<arguments>
<arg>//h3[contains(text(),'@{element_parameterek}[0]')]/..//label[contains(text(),'@{element_parameterek}[1]')]/ancestor::*[substring-after(@class, "form-")="group" or substring-before(@class, "group")="form-"]//*[self::input or self::textarea]</arg>
</arguments>
<status status="PASS" starttime="20190930 08:59:57.937" endtime="20190930 08:59:57.956"></status>
</kw>
<msg timestamp="20190930 08:59:57.956" level="INFO">${element} = &lt;selenium.webdriver.remote.webelement.WebElement (session="724f3017ef8728e61bd7f7afca082e41", element="cb016bd3-3c63-467f-8cc7-98d6c192575e")&gt;</msg>
<status status="PASS" starttime="20190930 08:59:57.935" endtime="20190930 08:59:57.957"></status>
</kw>
<status status="PASS" starttime="20190930 08:59:57.924" endtime="20190930 08:59:57.957"></status>
</kw>
<status status="PASS" starttime="20190930 08:59:57.922" endtime="20190930 08:59:58.081"></status>
</kw>
<status status="PASS" starttime="20190930 08:59:57.920" endtime="20190930 08:59:58.082"></status>
</kw>
<kw name="Szövegbeírás">
<arguments>
<arg>Your address;Company</arg>
<arg>${Company}</arg>
</arguments>
<kw name="Input Text" library="SeleniumLibrary">
<doc>Types the given ``text`` into text field identified by ``locator``.</doc>
<arguments>
<arg>LOC_text:${hely}</arg>
<arg>${szoveg}</arg>
</arguments>
<msg timestamp="20190930 08:59:58.088" level="INFO">Typing text 'Cyberdyne Systems' into text field 'LOC_text:Your address;Company'.</msg>
<kw name="Locator Text" library="locator">
<arguments>
<arg>&lt;selenium.webdriver.chrome.webdriver.WebDriver (session="724f3017ef8728e61bd7f7afca082e41")&gt;</arg>
<arg>Your address;Company</arg>
<arg>None</arg>
<arg>{}</arg>
</arguments>
<kw name="Split String" library="String">
<doc>Splits the ``string`` using ``separator`` as a delimiter string.</doc>
<arguments>
<arg>${locator}</arg>
<arg>;</arg>
</arguments>
<assign>
<var>@{element_parameterek}</var>
</assign>
<msg timestamp="20190930 08:59:58.093" level="INFO">@{element_parameterek} = [ Your address | Company ]</msg>
<status status="PASS" starttime="20190930 08:59:58.091" endtime="20190930 08:59:58.094"></status>
</kw>
<kw name="Get Length" library="BuiltIn">
<doc>Returns and logs the length of the given item as an integer.</doc>
<arguments>
<arg>${element_parameterek}</arg>
</arguments>
<assign>
<var>${lista_meret}</var>
</assign>
<msg timestamp="20190930 08:59:58.098" level="INFO">Length is 2</msg>
<msg timestamp="20190930 08:59:58.099" level="INFO">${lista_meret} = 2</msg>
<status status="PASS" starttime="20190930 08:59:58.095" endtime="20190930 08:59:58.099"></status>
</kw>
<kw name="Run Keyword If" library="BuiltIn">
<doc>Runs the given keyword with the given arguments, if ``condition`` is true.</doc>
<arguments>
<arg>${lista_meret} &lt; 2</arg>
<arg>SeleniumLibrary.Get WebElement</arg>
<arg>//label[contains(text(),'@{element_parameterek}[0]')]/ancestor::*[substring-after(@class, "form-")="group" or substring-before(@class, "group")="form-"]//*[self::input or self::textarea]</arg>
<arg>ELSE</arg>
<arg>SeleniumLibrary.Get WebElement</arg>
<arg>//h3[contains(text(),'@{element_parameterek}[0]')]/..//label[contains(text(),'@{element_parameterek}[1]')]/ancestor::*[substring-after(@class, "form-")="group" or substring-before(@class, "group")="form-"]//*[self::input or self::textarea]</arg>
</arguments>
<assign>
<var>${element}</var>
</assign>
<kw name="Get WebElement" library="SeleniumLibrary">
<doc>Returns the first WebElement matching the given ``locator``.</doc>
<arguments>
<arg>//h3[contains(text(),'@{element_parameterek}[0]')]/..//label[contains(text(),'@{element_parameterek}[1]')]/ancestor::*[substring-after(@class, "form-")="group" or substring-before(@class, "group")="form-"]//*[self::input or self::textarea]</arg>
</arguments>
<status status="PASS" starttime="20190930 08:59:58.104" endtime="20190930 08:59:58.123"></status>
</kw>
<msg timestamp="20190930 08:59:58.124" level="INFO">${element} = &lt;selenium.webdriver.remote.webelement.WebElement (session="724f3017ef8728e61bd7f7afca082e41", element="b5ff453b-c9b1-4fef-90b1-b4d4c396ec7e")&gt;</msg>
<status status="PASS" starttime="20190930 08:59:58.100" endtime="20190930 08:59:58.124"></status>
</kw>
<status status="PASS" starttime="20190930 08:59:58.089" endtime="20190930 08:59:58.124"></status>
</kw>
<status status="PASS" starttime="20190930 08:59:58.086" endtime="20190930 08:59:58.340"></status>
</kw>
<status status="PASS" starttime="20190930 08:59:58.083" endtime="20190930 08:59:58.340"></status>
</kw>
<kw name="Szövegbeírás">
<arguments>
<arg>Your address;Address</arg>
<arg>${Address}</arg>
</arguments>
<kw name="Input Text" library="SeleniumLibrary">
<doc>Types the given ``text`` into text field identified by ``locator``.</doc>
<arguments>
<arg>LOC_text:${hely}</arg>
<arg>${szoveg}</arg>
</arguments>
<msg timestamp="20190930 08:59:58.346" level="INFO">Typing text '1055 Budapest' into text field 'LOC_text:Your address;Address'.</msg>
<kw name="Locator Text" library="locator">
<arguments>
<arg>&lt;selenium.webdriver.chrome.webdriver.WebDriver (session="724f3017ef8728e61bd7f7afca082e41")&gt;</arg>
<arg>Your address;Address</arg>
<arg>None</arg>
<arg>{}</arg>
</arguments>
<kw name="Split String" library="String">
<doc>Splits the ``string`` using ``separator`` as a delimiter string.</doc>
<arguments>
<arg>${locator}</arg>
<arg>;</arg>
</arguments>
<assign>
<var>@{element_parameterek}</var>
</assign>
<msg timestamp="20190930 08:59:58.353" level="INFO">@{element_parameterek} = [ Your address | Address ]</msg>
<status status="PASS" starttime="20190930 08:59:58.350" endtime="20190930 08:59:58.353"></status>
</kw>
<kw name="Get Length" library="BuiltIn">
<doc>Returns and logs the length of the given item as an integer.</doc>
<arguments>
<arg>${element_parameterek}</arg>
</arguments>
<assign>
<var>${lista_meret}</var>
</assign>
<msg timestamp="20190930 08:59:58.356" level="INFO">Length is 2</msg>
<msg timestamp="20190930 08:59:58.356" level="INFO">${lista_meret} = 2</msg>
<status status="PASS" starttime="20190930 08:59:58.354" endtime="20190930 08:59:58.356"></status>
</kw>
<kw name="Run Keyword If" library="BuiltIn">
<doc>Runs the given keyword with the given arguments, if ``condition`` is true.</doc>
<arguments>
<arg>${lista_meret} &lt; 2</arg>
<arg>SeleniumLibrary.Get WebElement</arg>
<arg>//label[contains(text(),'@{element_parameterek}[0]')]/ancestor::*[substring-after(@class, "form-")="group" or substring-before(@class, "group")="form-"]//*[self::input or self::textarea]</arg>
<arg>ELSE</arg>
<arg>SeleniumLibrary.Get WebElement</arg>
<arg>//h3[contains(text(),'@{element_parameterek}[0]')]/..//label[contains(text(),'@{element_parameterek}[1]')]/ancestor::*[substring-after(@class, "form-")="group" or substring-before(@class, "group")="form-"]//*[self::input or self::textarea]</arg>
</arguments>
<assign>
<var>${element}</var>
</assign>
<kw name="Get WebElement" library="SeleniumLibrary">
<doc>Returns the first WebElement matching the given ``locator``.</doc>
<arguments>
<arg>//h3[contains(text(),'@{element_parameterek}[0]')]/..//label[contains(text(),'@{element_parameterek}[1]')]/ancestor::*[substring-after(@class, "form-")="group" or substring-before(@class, "group")="form-"]//*[self::input or self::textarea]</arg>
</arguments>
<status status="PASS" starttime="20190930 08:59:58.360" endtime="20190930 08:59:58.381"></status>
</kw>
<msg timestamp="20190930 08:59:58.382" level="INFO">${element} = &lt;selenium.webdriver.remote.webelement.WebElement (session="724f3017ef8728e61bd7f7afca082e41", element="4b5532c9-c691-435a-b722-5eac626a8fd5")&gt;</msg>
<status status="PASS" starttime="20190930 08:59:58.357" endtime="20190930 08:59:58.382"></status>
</kw>
<status status="PASS" starttime="20190930 08:59:58.347" endtime="20190930 08:59:58.382"></status>
</kw>
<status status="PASS" starttime="20190930 08:59:58.343" endtime="20190930 08:59:58.588"></status>
</kw>
<status status="PASS" starttime="20190930 08:59:58.341" endtime="20190930 08:59:58.589"></status>
</kw>
<kw name="Szövegbeírás">
<arguments>
<arg>Your address;Address (Line 2)</arg>
<arg>${Address2}</arg>
</arguments>
<kw name="Input Text" library="SeleniumLibrary">
<doc>Types the given ``text`` into text field identified by ``locator``.</doc>
<arguments>
<arg>LOC_text:${hely}</arg>
<arg>${szoveg}</arg>
</arguments>
<msg timestamp="20190930 08:59:58.594" level="INFO">Typing text 'Kossuth tér 1-3.' into text field 'LOC_text:Your address;Address (Line 2)'.</msg>
<kw name="Locator Text" library="locator">
<arguments>
<arg>&lt;selenium.webdriver.chrome.webdriver.WebDriver (session="724f3017ef8728e61bd7f7afca082e41")&gt;</arg>
<arg>Your address;Address (Line 2)</arg>
<arg>None</arg>
<arg>{}</arg>
</arguments>
<kw name="Split String" library="String">
<doc>Splits the ``string`` using ``separator`` as a delimiter string.</doc>
<arguments>
<arg>${locator}</arg>
<arg>;</arg>
</arguments>
<assign>
<var>@{element_parameterek}</var>
</assign>
<msg timestamp="20190930 08:59:58.602" level="INFO">@{element_parameterek} = [ Your address | Address (Line 2) ]</msg>
<status status="PASS" starttime="20190930 08:59:58.598" endtime="20190930 08:59:58.602"></status>
</kw>
<kw name="Get Length" library="BuiltIn">
<doc>Returns and logs the length of the given item as an integer.</doc>
<arguments>
<arg>${element_parameterek}</arg>
</arguments>
<assign>
<var>${lista_meret}</var>
</assign>
<msg timestamp="20190930 08:59:58.604" level="INFO">Length is 2</msg>
<msg timestamp="20190930 08:59:58.605" level="INFO">${lista_meret} = 2</msg>
<status status="PASS" starttime="20190930 08:59:58.603" endtime="20190930 08:59:58.605"></status>
</kw>
<kw name="Run Keyword If" library="BuiltIn">
<doc>Runs the given keyword with the given arguments, if ``condition`` is true.</doc>
<arguments>
<arg>${lista_meret} &lt; 2</arg>
<arg>SeleniumLibrary.Get WebElement</arg>
<arg>//label[contains(text(),'@{element_parameterek}[0]')]/ancestor::*[substring-after(@class, "form-")="group" or substring-before(@class, "group")="form-"]//*[self::input or self::textarea]</arg>
<arg>ELSE</arg>
<arg>SeleniumLibrary.Get WebElement</arg>
<arg>//h3[contains(text(),'@{element_parameterek}[0]')]/..//label[contains(text(),'@{element_parameterek}[1]')]/ancestor::*[substring-after(@class, "form-")="group" or substring-before(@class, "group")="form-"]//*[self::input or self::textarea]</arg>
</arguments>
<assign>
<var>${element}</var>
</assign>
<kw name="Get WebElement" library="SeleniumLibrary">
<doc>Returns the first WebElement matching the given ``locator``.</doc>
<arguments>
<arg>//h3[contains(text(),'@{element_parameterek}[0]')]/..//label[contains(text(),'@{element_parameterek}[1]')]/ancestor::*[substring-after(@class, "form-")="group" or substring-before(@class, "group")="form-"]//*[self::input or self::textarea]</arg>
</arguments>
<status status="PASS" starttime="20190930 08:59:58.607" endtime="20190930 08:59:58.628"></status>
</kw>
<msg timestamp="20190930 08:59:58.629" level="INFO">${element} = &lt;selenium.webdriver.remote.webelement.WebElement (session="724f3017ef8728e61bd7f7afca082e41", element="0b215e3d-9886-434a-9061-b34aa741ff4b")&gt;</msg>
<status status="PASS" starttime="20190930 08:59:58.605" endtime="20190930 08:59:58.630"></status>
</kw>
<status status="PASS" starttime="20190930 08:59:58.594" endtime="20190930 08:59:58.631"></status>
</kw>
<status status="PASS" starttime="20190930 08:59:58.592" endtime="20190930 08:59:58.953"></status>
</kw>
<status status="PASS" starttime="20190930 08:59:58.590" endtime="20190930 08:59:58.954"></status>
</kw>
<kw name="Szövegbeírás">
<arguments>
<arg>Your address;City</arg>
<arg>${City}</arg>
</arguments>
<kw name="Input Text" library="SeleniumLibrary">
<doc>Types the given ``text`` into text field identified by ``locator``.</doc>
<arguments>
<arg>LOC_text:${hely}</arg>
<arg>${szoveg}</arg>
</arguments>
<msg timestamp="20190930 08:59:58.958" level="INFO">Typing text 'Honolulu' into text field 'LOC_text:Your address;City'.</msg>
<kw name="Locator Text" library="locator">
<arguments>
<arg>&lt;selenium.webdriver.chrome.webdriver.WebDriver (session="724f3017ef8728e61bd7f7afca082e41")&gt;</arg>
<arg>Your address;City</arg>
<arg>None</arg>
<arg>{}</arg>
</arguments>
<kw name="Split String" library="String">
<doc>Splits the ``string`` using ``separator`` as a delimiter string.</doc>
<arguments>
<arg>${locator}</arg>
<arg>;</arg>
</arguments>
<assign>
<var>@{element_parameterek}</var>
</assign>
<msg timestamp="20190930 08:59:58.965" level="INFO">@{element_parameterek} = [ Your address | City ]</msg>
<status status="PASS" starttime="20190930 08:59:58.962" endtime="20190930 08:59:58.965"></status>
</kw>
<kw name="Get Length" library="BuiltIn">
<doc>Returns and logs the length of the given item as an integer.</doc>
<arguments>
<arg>${element_parameterek}</arg>
</arguments>
<assign>
<var>${lista_meret}</var>
</assign>
<msg timestamp="20190930 08:59:58.968" level="INFO">Length is 2</msg>
<msg timestamp="20190930 08:59:58.968" level="INFO">${lista_meret} = 2</msg>
<status status="PASS" starttime="20190930 08:59:58.966" endtime="20190930 08:59:58.968"></status>
</kw>
<kw name="Run Keyword If" library="BuiltIn">
<doc>Runs the given keyword with the given arguments, if ``condition`` is true.</doc>
<arguments>
<arg>${lista_meret} &lt; 2</arg>
<arg>SeleniumLibrary.Get WebElement</arg>
<arg>//label[contains(text(),'@{element_parameterek}[0]')]/ancestor::*[substring-after(@class, "form-")="group" or substring-before(@class, "group")="form-"]//*[self::input or self::textarea]</arg>
<arg>ELSE</arg>
<arg>SeleniumLibrary.Get WebElement</arg>
<arg>//h3[contains(text(),'@{element_parameterek}[0]')]/..//label[contains(text(),'@{element_parameterek}[1]')]/ancestor::*[substring-after(@class, "form-")="group" or substring-before(@class, "group")="form-"]//*[self::input or self::textarea]</arg>
</arguments>
<assign>
<var>${element}</var>
</assign>
<kw name="Get WebElement" library="SeleniumLibrary">
<doc>Returns the first WebElement matching the given ``locator``.</doc>
<arguments>
<arg>//h3[contains(text(),'@{element_parameterek}[0]')]/..//label[contains(text(),'@{element_parameterek}[1]')]/ancestor::*[substring-after(@class, "form-")="group" or substring-before(@class, "group")="form-"]//*[self::input or self::textarea]</arg>
</arguments>
<status status="PASS" starttime="20190930 08:59:58.972" endtime="20190930 08:59:58.989"></status>
</kw>
<msg timestamp="20190930 08:59:58.990" level="INFO">${element} = &lt;selenium.webdriver.remote.webelement.WebElement (session="724f3017ef8728e61bd7f7afca082e41", element="f972ca4a-9a14-4408-9504-6865c79c203c")&gt;</msg>
<status status="PASS" starttime="20190930 08:59:58.969" endtime="20190930 08:59:58.990"></status>
</kw>
<status status="PASS" starttime="20190930 08:59:58.959" endtime="20190930 08:59:58.991"></status>
</kw>
<status status="PASS" starttime="20190930 08:59:58.957" endtime="20190930 08:59:59.115"></status>
</kw>
<status status="PASS" starttime="20190930 08:59:58.954" endtime="20190930 08:59:59.116"></status>
</kw>
<kw name="Legördülő beállítás">
<arguments>
<arg>State</arg>
<arg>${State}</arg>
</arguments>
<kw name="Select From List By Label" library="SeleniumLibrary">
<doc>Selects options from selection list ``locator`` by ``labels``.</doc>
<arguments>
<arg>LOC_Select:${hely}</arg>
<arg>${ertek}</arg>
</arguments>
<msg timestamp="20190930 08:59:59.138" level="INFO">Selecting options from selection list 'LOC_Select:State' by label Hawaii.</msg>
<kw name="Locator Select" library="locator">
<arguments>
<arg>&lt;selenium.webdriver.chrome.webdriver.WebDriver (session="724f3017ef8728e61bd7f7afca082e41")&gt;</arg>
<arg>State</arg>
<arg>select</arg>
<arg>{}</arg>
</arguments>
<kw name="Get WebElement" library="SeleniumLibrary">
<doc>Returns the first WebElement matching the given ``locator``.</doc>
<arguments>
<arg>//label[contains(text(),'${locator}')]/ancestor::*[substring-after(@class, "form-")="group" or substring-before(@class, "group")="form-"]//select</arg>
</arguments>
<assign>
<var>${element}</var>
</assign>
<msg timestamp="20190930 08:59:59.165" level="INFO">${element} = &lt;selenium.webdriver.remote.webelement.WebElement (session="724f3017ef8728e61bd7f7afca082e41", element="825b1360-25d2-4ffe-96fc-9bebb7fa29ff")&gt;</msg>
<status status="PASS" starttime="20190930 08:59:59.146" endtime="20190930 08:59:59.165"></status>
</kw>
<status status="PASS" starttime="20190930 08:59:59.138" endtime="20190930 08:59:59.166"></status>
</kw>
<status status="PASS" starttime="20190930 08:59:59.126" endtime="20190930 08:59:59.253"></status>
</kw>
<status status="PASS" starttime="20190930 08:59:59.117" endtime="20190930 08:59:59.253"></status>
</kw>
<kw name="Szövegbeírás">
<arguments>
<arg>Your address;Zip/Postal Code</arg>
<arg>${Zip}</arg>
</arguments>
<kw name="Input Text" library="SeleniumLibrary">
<doc>Types the given ``text`` into text field identified by ``locator``.</doc>
<arguments>
<arg>LOC_text:${hely}</arg>
<arg>${szoveg}</arg>
</arguments>
<msg timestamp="20190930 08:59:59.258" level="INFO">Typing text '11111' into text field 'LOC_text:Your address;Zip/Postal Code'.</msg>
<kw name="Locator Text" library="locator">
<arguments>
<arg>&lt;selenium.webdriver.chrome.webdriver.WebDriver (session="724f3017ef8728e61bd7f7afca082e41")&gt;</arg>
<arg>Your address;Zip/Postal Code</arg>
<arg>None</arg>
<arg>{}</arg>
</arguments>
<kw name="Split String" library="String">
<doc>Splits the ``string`` using ``separator`` as a delimiter string.</doc>
<arguments>
<arg>${locator}</arg>
<arg>;</arg>
</arguments>
<assign>
<var>@{element_parameterek}</var>
</assign>
<msg timestamp="20190930 08:59:59.264" level="INFO">@{element_parameterek} = [ Your address | Zip/Postal Code ]</msg>
<status status="PASS" starttime="20190930 08:59:59.261" endtime="20190930 08:59:59.264"></status>
</kw>
<kw name="Get Length" library="BuiltIn">
<doc>Returns and logs the length of the given item as an integer.</doc>
<arguments>
<arg>${element_parameterek}</arg>
</arguments>
<assign>
<var>${lista_meret}</var>
</assign>
<msg timestamp="20190930 08:59:59.269" level="INFO">Length is 2</msg>
<msg timestamp="20190930 08:59:59.269" level="INFO">${lista_meret} = 2</msg>
<status status="PASS" starttime="20190930 08:59:59.265" endtime="20190930 08:59:59.269"></status>
</kw>
<kw name="Run Keyword If" library="BuiltIn">
<doc>Runs the given keyword with the given arguments, if ``condition`` is true.</doc>
<arguments>
<arg>${lista_meret} &lt; 2</arg>
<arg>SeleniumLibrary.Get WebElement</arg>
<arg>//label[contains(text(),'@{element_parameterek}[0]')]/ancestor::*[substring-after(@class, "form-")="group" or substring-before(@class, "group")="form-"]//*[self::input or self::textarea]</arg>
<arg>ELSE</arg>
<arg>SeleniumLibrary.Get WebElement</arg>
<arg>//h3[contains(text(),'@{element_parameterek}[0]')]/..//label[contains(text(),'@{element_parameterek}[1]')]/ancestor::*[substring-after(@class, "form-")="group" or substring-before(@class, "group")="form-"]//*[self::input or self::textarea]</arg>
</arguments>
<assign>
<var>${element}</var>
</assign>
<kw name="Get WebElement" library="SeleniumLibrary">
<doc>Returns the first WebElement matching the given ``locator``.</doc>
<arguments>
<arg>//h3[contains(text(),'@{element_parameterek}[0]')]/..//label[contains(text(),'@{element_parameterek}[1]')]/ancestor::*[substring-after(@class, "form-")="group" or substring-before(@class, "group")="form-"]//*[self::input or self::textarea]</arg>
</arguments>
<status status="PASS" starttime="20190930 08:59:59.272" endtime="20190930 08:59:59.289"></status>
</kw>
<msg timestamp="20190930 08:59:59.290" level="INFO">${element} = &lt;selenium.webdriver.remote.webelement.WebElement (session="724f3017ef8728e61bd7f7afca082e41", element="8054dd34-0453-411a-b199-cf9096ba9f28")&gt;</msg>
<status status="PASS" starttime="20190930 08:59:59.270" endtime="20190930 08:59:59.290"></status>
</kw>
<status status="PASS" starttime="20190930 08:59:59.258" endtime="20190930 08:59:59.291"></status>
</kw>
<status status="PASS" starttime="20190930 08:59:59.256" endtime="20190930 08:59:59.415"></status>
</kw>
<status status="PASS" starttime="20190930 08:59:59.254" endtime="20190930 08:59:59.416"></status>
</kw>
<kw name="Legördülő beállítás">
<arguments>
<arg>Country</arg>
<arg>${Country}</arg>
</arguments>
<kw name="Select From List By Label" library="SeleniumLibrary">
<doc>Selects options from selection list ``locator`` by ``labels``.</doc>
<arguments>
<arg>LOC_Select:${hely}</arg>
<arg>${ertek}</arg>
</arguments>
<msg timestamp="20190930 08:59:59.421" level="INFO">Selecting options from selection list 'LOC_Select:Country' by label United States.</msg>
<kw name="Locator Select" library="locator">
<arguments>
<arg>&lt;selenium.webdriver.chrome.webdriver.WebDriver (session="724f3017ef8728e61bd7f7afca082e41")&gt;</arg>
<arg>Country</arg>
<arg>select</arg>
<arg>{}</arg>
</arguments>
<kw name="Get WebElement" library="SeleniumLibrary">
<doc>Returns the first WebElement matching the given ``locator``.</doc>
<arguments>
<arg>//label[contains(text(),'${locator}')]/ancestor::*[substring-after(@class, "form-")="group" or substring-before(@class, "group")="form-"]//select</arg>
</arguments>
<assign>
<var>${element}</var>
</assign>
<msg timestamp="20190930 08:59:59.441" level="INFO">${element} = &lt;selenium.webdriver.remote.webelement.WebElement (session="724f3017ef8728e61bd7f7afca082e41", element="e6cda080-9d8a-436c-843e-495ffb85588b")&gt;</msg>
<status status="PASS" starttime="20190930 08:59:59.423" endtime="20190930 08:59:59.442"></status>
</kw>
<status status="PASS" starttime="20190930 08:59:59.421" endtime="20190930 08:59:59.442"></status>
</kw>
<status status="PASS" starttime="20190930 08:59:59.419" endtime="20190930 08:59:59.487"></status>
</kw>
<status status="PASS" starttime="20190930 08:59:59.417" endtime="20190930 08:59:59.488"></status>
</kw>
<kw name="Szövegbeírás">
<arguments>
<arg>Your address;Additional information</arg>
<arg>${Additional information}</arg>
</arguments>
<kw name="Input Text" library="SeleniumLibrary">
<doc>Types the given ``text`` into text field identified by ``locator``.</doc>
<arguments>
<arg>LOC_text:${hely}</arg>
<arg>${szoveg}</arg>
</arguments>
<msg timestamp="20190930 08:59:59.492" level="INFO">Typing text 'Nem vagyok robot.' into text field 'LOC_text:Your address;Additional information'.</msg>
<kw name="Locator Text" library="locator">
<arguments>
<arg>&lt;selenium.webdriver.chrome.webdriver.WebDriver (session="724f3017ef8728e61bd7f7afca082e41")&gt;</arg>
<arg>Your address;Additional information</arg>
<arg>None</arg>
<arg>{}</arg>
</arguments>
<kw name="Split String" library="String">
<doc>Splits the ``string`` using ``separator`` as a delimiter string.</doc>
<arguments>
<arg>${locator}</arg>
<arg>;</arg>
</arguments>
<assign>
<var>@{element_parameterek}</var>
</assign>
<msg timestamp="20190930 08:59:59.499" level="INFO">@{element_parameterek} = [ Your address | Additional information ]</msg>
<status status="PASS" starttime="20190930 08:59:59.495" endtime="20190930 08:59:59.499"></status>
</kw>
<kw name="Get Length" library="BuiltIn">
<doc>Returns and logs the length of the given item as an integer.</doc>
<arguments>
<arg>${element_parameterek}</arg>
</arguments>
<assign>
<var>${lista_meret}</var>
</assign>
<msg timestamp="20190930 08:59:59.502" level="INFO">Length is 2</msg>
<msg timestamp="20190930 08:59:59.502" level="INFO">${lista_meret} = 2</msg>
<status status="PASS" starttime="20190930 08:59:59.500" endtime="20190930 08:59:59.502"></status>
</kw>
<kw name="Run Keyword If" library="BuiltIn">
<doc>Runs the given keyword with the given arguments, if ``condition`` is true.</doc>
<arguments>
<arg>${lista_meret} &lt; 2</arg>
<arg>SeleniumLibrary.Get WebElement</arg>
<arg>//label[contains(text(),'@{element_parameterek}[0]')]/ancestor::*[substring-after(@class, "form-")="group" or substring-before(@class, "group")="form-"]//*[self::input or self::textarea]</arg>
<arg>ELSE</arg>
<arg>SeleniumLibrary.Get WebElement</arg>
<arg>//h3[contains(text(),'@{element_parameterek}[0]')]/..//label[contains(text(),'@{element_parameterek}[1]')]/ancestor::*[substring-after(@class, "form-")="group" or substring-before(@class, "group")="form-"]//*[self::input or self::textarea]</arg>
</arguments>
<assign>
<var>${element}</var>
</assign>
<kw name="Get WebElement" library="SeleniumLibrary">
<doc>Returns the first WebElement matching the given ``locator``.</doc>
<arguments>
<arg>//h3[contains(text(),'@{element_parameterek}[0]')]/..//label[contains(text(),'@{element_parameterek}[1]')]/ancestor::*[substring-after(@class, "form-")="group" or substring-before(@class, "group")="form-"]//*[self::input or self::textarea]</arg>
</arguments>
<status status="PASS" starttime="20190930 08:59:59.505" endtime="20190930 08:59:59.523"></status>
</kw>
<msg timestamp="20190930 08:59:59.524" level="INFO">${element} = &lt;selenium.webdriver.remote.webelement.WebElement (session="724f3017ef8728e61bd7f7afca082e41", element="6ddcf94a-f25c-44c0-9baa-87f1841601f0")&gt;</msg>
<status status="PASS" starttime="20190930 08:59:59.503" endtime="20190930 08:59:59.524"></status>
</kw>
<status status="PASS" starttime="20190930 08:59:59.492" endtime="20190930 08:59:59.525"></status>
</kw>
<status status="PASS" starttime="20190930 08:59:59.490" endtime="20190930 08:59:59.701"></status>
</kw>
<status status="PASS" starttime="20190930 08:59:59.488" endtime="20190930 08:59:59.701"></status>
</kw>
<kw name="Szövegbeírás">
<arguments>
<arg>Your address;Home phone</arg>
<arg>${Home phone}</arg>
</arguments>
<kw name="Input Text" library="SeleniumLibrary">
<doc>Types the given ``text`` into text field identified by ``locator``.</doc>
<arguments>
<arg>LOC_text:${hely}</arg>
<arg>${szoveg}</arg>
</arguments>
<msg timestamp="20190930 08:59:59.706" level="INFO">Typing text '36111111111' into text field 'LOC_text:Your address;Home phone'.</msg>
<kw name="Locator Text" library="locator">
<arguments>
<arg>&lt;selenium.webdriver.chrome.webdriver.WebDriver (session="724f3017ef8728e61bd7f7afca082e41")&gt;</arg>
<arg>Your address;Home phone</arg>
<arg>None</arg>
<arg>{}</arg>
</arguments>
<kw name="Split String" library="String">
<doc>Splits the ``string`` using ``separator`` as a delimiter string.</doc>
<arguments>
<arg>${locator}</arg>
<arg>;</arg>
</arguments>
<assign>
<var>@{element_parameterek}</var>
</assign>
<msg timestamp="20190930 08:59:59.711" level="INFO">@{element_parameterek} = [ Your address | Home phone ]</msg>
<status status="PASS" starttime="20190930 08:59:59.708" endtime="20190930 08:59:59.711"></status>
</kw>
<kw name="Get Length" library="BuiltIn">
<doc>Returns and logs the length of the given item as an integer.</doc>
<arguments>
<arg>${element_parameterek}</arg>
</arguments>
<assign>
<var>${lista_meret}</var>
</assign>
<msg timestamp="20190930 08:59:59.714" level="INFO">Length is 2</msg>
<msg timestamp="20190930 08:59:59.715" level="INFO">${lista_meret} = 2</msg>
<status status="PASS" starttime="20190930 08:59:59.712" endtime="20190930 08:59:59.715"></status>
</kw>
<kw name="Run Keyword If" library="BuiltIn">
<doc>Runs the given keyword with the given arguments, if ``condition`` is true.</doc>
<arguments>
<arg>${lista_meret} &lt; 2</arg>
<arg>SeleniumLibrary.Get WebElement</arg>
<arg>//label[contains(text(),'@{element_parameterek}[0]')]/ancestor::*[substring-after(@class, "form-")="group" or substring-before(@class, "group")="form-"]//*[self::input or self::textarea]</arg>
<arg>ELSE</arg>
<arg>SeleniumLibrary.Get WebElement</arg>
<arg>//h3[contains(text(),'@{element_parameterek}[0]')]/..//label[contains(text(),'@{element_parameterek}[1]')]/ancestor::*[substring-after(@class, "form-")="group" or substring-before(@class, "group")="form-"]//*[self::input or self::textarea]</arg>
</arguments>
<assign>
<var>${element}</var>
</assign>
<kw name="Get WebElement" library="SeleniumLibrary">
<doc>Returns the first WebElement matching the given ``locator``.</doc>
<arguments>
<arg>//h3[contains(text(),'@{element_parameterek}[0]')]/..//label[contains(text(),'@{element_parameterek}[1]')]/ancestor::*[substring-after(@class, "form-")="group" or substring-before(@class, "group")="form-"]//*[self::input or self::textarea]</arg>
</arguments>
<status status="PASS" starttime="20190930 08:59:59.719" endtime="20190930 08:59:59.737"></status>
</kw>
<msg timestamp="20190930 08:59:59.738" level="INFO">${element} = &lt;selenium.webdriver.remote.webelement.WebElement (session="724f3017ef8728e61bd7f7afca082e41", element="07d3b566-14f8-4f56-b2c1-c84c1dbfc801")&gt;</msg>
<status status="PASS" starttime="20190930 08:59:59.716" endtime="20190930 08:59:59.738"></status>
</kw>
<status status="PASS" starttime="20190930 08:59:59.706" endtime="20190930 08:59:59.739"></status>
</kw>
<status status="PASS" starttime="20190930 08:59:59.704" endtime="20190930 08:59:59.889"></status>
</kw>
<status status="PASS" starttime="20190930 08:59:59.702" endtime="20190930 08:59:59.890"></status>
</kw>
<kw name="Szövegbeírás">
<arguments>
<arg>Your address;Mobile phone</arg>
<arg>${Mobile phone}</arg>
</arguments>
<kw name="Input Text" library="SeleniumLibrary">
<doc>Types the given ``text`` into text field identified by ``locator``.</doc>
<arguments>
<arg>LOC_text:${hely}</arg>
<arg>${szoveg}</arg>
</arguments>
<msg timestamp="20190930 08:59:59.896" level="INFO">Typing text '36111111111' into text field 'LOC_text:Your address;Mobile phone'.</msg>
<kw name="Locator Text" library="locator">
<arguments>
<arg>&lt;selenium.webdriver.chrome.webdriver.WebDriver (session="724f3017ef8728e61bd7f7afca082e41")&gt;</arg>
<arg>Your address;Mobile phone</arg>
<arg>None</arg>
<arg>{}</arg>
</arguments>
<kw name="Split String" library="String">
<doc>Splits the ``string`` using ``separator`` as a delimiter string.</doc>
<arguments>
<arg>${locator}</arg>
<arg>;</arg>
</arguments>
<assign>
<var>@{element_parameterek}</var>
</assign>
<msg timestamp="20190930 08:59:59.902" level="INFO">@{element_parameterek} = [ Your address | Mobile phone ]</msg>
<status status="PASS" starttime="20190930 08:59:59.900" endtime="20190930 08:59:59.902"></status>
</kw>
<kw name="Get Length" library="BuiltIn">
<doc>Returns and logs the length of the given item as an integer.</doc>
<arguments>
<arg>${element_parameterek}</arg>
</arguments>
<assign>
<var>${lista_meret}</var>
</assign>
<msg timestamp="20190930 08:59:59.905" level="INFO">Length is 2</msg>
<msg timestamp="20190930 08:59:59.905" level="INFO">${lista_meret} = 2</msg>
<status status="PASS" starttime="20190930 08:59:59.903" endtime="20190930 08:59:59.905"></status>
</kw>
<kw name="Run Keyword If" library="BuiltIn">
<doc>Runs the given keyword with the given arguments, if ``condition`` is true.</doc>
<arguments>
<arg>${lista_meret} &lt; 2</arg>
<arg>SeleniumLibrary.Get WebElement</arg>
<arg>//label[contains(text(),'@{element_parameterek}[0]')]/ancestor::*[substring-after(@class, "form-")="group" or substring-before(@class, "group")="form-"]//*[self::input or self::textarea]</arg>
<arg>ELSE</arg>
<arg>SeleniumLibrary.Get WebElement</arg>
<arg>//h3[contains(text(),'@{element_parameterek}[0]')]/..//label[contains(text(),'@{element_parameterek}[1]')]/ancestor::*[substring-after(@class, "form-")="group" or substring-before(@class, "group")="form-"]//*[self::input or self::textarea]</arg>
</arguments>
<assign>
<var>${element}</var>
</assign>
<kw name="Get WebElement" library="SeleniumLibrary">
<doc>Returns the first WebElement matching the given ``locator``.</doc>
<arguments>
<arg>//h3[contains(text(),'@{element_parameterek}[0]')]/..//label[contains(text(),'@{element_parameterek}[1]')]/ancestor::*[substring-after(@class, "form-")="group" or substring-before(@class, "group")="form-"]//*[self::input or self::textarea]</arg>
</arguments>
<status status="PASS" starttime="20190930 08:59:59.908" endtime="20190930 08:59:59.926"></status>
</kw>
<msg timestamp="20190930 08:59:59.927" level="INFO">${element} = &lt;selenium.webdriver.remote.webelement.WebElement (session="724f3017ef8728e61bd7f7afca082e41", element="b15b7816-0077-4125-b89d-f6610a9e222f")&gt;</msg>
<status status="PASS" starttime="20190930 08:59:59.906" endtime="20190930 08:59:59.927"></status>
</kw>
<status status="PASS" starttime="20190930 08:59:59.896" endtime="20190930 08:59:59.928"></status>
</kw>
<status status="PASS" starttime="20190930 08:59:59.893" endtime="20190930 09:00:00.095"></status>
</kw>
<status status="PASS" starttime="20190930 08:59:59.891" endtime="20190930 09:00:00.096"></status>
</kw>
<kw name="Szövegbeírás">
<arguments>
<arg>Your address;Assign an address alias for future reference.</arg>
<arg>${Alias}</arg>
</arguments>
<kw name="Input Text" library="SeleniumLibrary">
<doc>Types the given ``text`` into text field identified by ``locator``.</doc>
<arguments>
<arg>LOC_text:${hely}</arg>
<arg>${szoveg}</arg>
</arguments>
<msg timestamp="20190930 09:00:00.102" level="INFO">Typing text 'R2D2' into text field 'LOC_text:Your address;Assign an address alias for future reference.'.</msg>
<kw name="Locator Text" library="locator">
<arguments>
<arg>&lt;selenium.webdriver.chrome.webdriver.WebDriver (session="724f3017ef8728e61bd7f7afca082e41")&gt;</arg>
<arg>Your address;Assign an address alias for future reference.</arg>
<arg>None</arg>
<arg>{}</arg>
</arguments>
<kw name="Split String" library="String">
<doc>Splits the ``string`` using ``separator`` as a delimiter string.</doc>
<arguments>
<arg>${locator}</arg>
<arg>;</arg>
</arguments>
<assign>
<var>@{element_parameterek}</var>
</assign>
<msg timestamp="20190930 09:00:00.107" level="INFO">@{element_parameterek} = [ Your address | Assign an address alias for future reference. ]</msg>
<status status="PASS" starttime="20190930 09:00:00.105" endtime="20190930 09:00:00.107"></status>
</kw>
<kw name="Get Length" library="BuiltIn">
<doc>Returns and logs the length of the given item as an integer.</doc>
<arguments>
<arg>${element_parameterek}</arg>
</arguments>
<assign>
<var>${lista_meret}</var>
</assign>
<msg timestamp="20190930 09:00:00.109" level="INFO">Length is 2</msg>
<msg timestamp="20190930 09:00:00.110" level="INFO">${lista_meret} = 2</msg>
<status status="PASS" starttime="20190930 09:00:00.108" endtime="20190930 09:00:00.110"></status>
</kw>
<kw name="Run Keyword If" library="BuiltIn">
<doc>Runs the given keyword with the given arguments, if ``condition`` is true.</doc>
<arguments>
<arg>${lista_meret} &lt; 2</arg>
<arg>SeleniumLibrary.Get WebElement</arg>
<arg>//label[contains(text(),'@{element_parameterek}[0]')]/ancestor::*[substring-after(@class, "form-")="group" or substring-before(@class, "group")="form-"]//*[self::input or self::textarea]</arg>
<arg>ELSE</arg>
<arg>SeleniumLibrary.Get WebElement</arg>
<arg>//h3[contains(text(),'@{element_parameterek}[0]')]/..//label[contains(text(),'@{element_parameterek}[1]')]/ancestor::*[substring-after(@class, "form-")="group" or substring-before(@class, "group")="form-"]//*[self::input or self::textarea]</arg>
</arguments>
<assign>
<var>${element}</var>
</assign>
<kw name="Get WebElement" library="SeleniumLibrary">
<doc>Returns the first WebElement matching the given ``locator``.</doc>
<arguments>
<arg>//h3[contains(text(),'@{element_parameterek}[0]')]/..//label[contains(text(),'@{element_parameterek}[1]')]/ancestor::*[substring-after(@class, "form-")="group" or substring-before(@class, "group")="form-"]//*[self::input or self::textarea]</arg>
</arguments>
<status status="PASS" starttime="20190930 09:00:00.114" endtime="20190930 09:00:00.134"></status>
</kw>
<msg timestamp="20190930 09:00:00.135" level="INFO">${element} = &lt;selenium.webdriver.remote.webelement.WebElement (session="724f3017ef8728e61bd7f7afca082e41", element="1de08104-bce3-4796-8c33-02a5daf28379")&gt;</msg>
<status status="PASS" starttime="20190930 09:00:00.111" endtime="20190930 09:00:00.135"></status>
</kw>
<status status="PASS" starttime="20190930 09:00:00.102" endtime="20190930 09:00:00.136"></status>
</kw>
<status status="PASS" starttime="20190930 09:00:00.100" endtime="20190930 09:00:00.255"></status>
</kw>
<status status="PASS" starttime="20190930 09:00:00.097" endtime="20190930 09:00:00.256"></status>
</kw>
<kw name="Gombra kattintás">
<arguments>
<arg>Register</arg>
</arguments>
<kw name="Click Element" library="SeleniumLibrary">
<doc>Click element identified by ``locator``.</doc>
<arguments>
<arg>LOC_button:${nev}</arg>
</arguments>
<msg timestamp="20190930 09:00:12.563" level="INFO">Clicking element 'LOC_button:Register'.</msg>
<kw name="Locator Button" library="locator">
<arguments>
<arg>&lt;selenium.webdriver.chrome.webdriver.WebDriver (session="724f3017ef8728e61bd7f7afca082e41")&gt;</arg>
<arg>Register</arg>
<arg>None</arg>
<arg>{}</arg>
</arguments>
<kw name="Get WebElement" library="SeleniumLibrary">
<doc>Returns the first WebElement matching the given ``locator``.</doc>
<arguments>
<arg>//span[text()[normalize-space() = '${locator}']]/ancestor::button</arg>
</arguments>
<assign>
<var>${element}</var>
</assign>
<msg timestamp="20190930 09:00:12.600" level="INFO">${element} = &lt;selenium.webdriver.remote.webelement.WebElement (session="724f3017ef8728e61bd7f7afca082e41", element="d6da5b89-537c-4e6c-8ad7-a6464b950bbd")&gt;</msg>
<status status="PASS" starttime="20190930 09:00:12.567" endtime="20190930 09:00:12.600"></status>
</kw>
<status status="PASS" starttime="20190930 09:00:12.564" endtime="20190930 09:00:12.601"></status>
</kw>
<status status="PASS" starttime="20190930 09:00:12.557" endtime="20190930 09:00:14.488"></status>
</kw>
<status status="PASS" starttime="20190930 09:00:00.257" endtime="20190930 09:00:14.489"></status>
</kw>
<kw name="Headerben kattintás">
<arguments>
<arg>Sign out</arg>
</arguments>
<kw name="Click Link" library="SeleniumLibrary">
<doc>Clicks a link identified by ``locator``.</doc>
<arguments>
<arg>LOC_header:${nev}</arg>
</arguments>
<msg timestamp="20190930 09:00:14.496" level="INFO">Clicking link 'LOC_header:Sign out'.</msg>
<kw name="Locator Header" library="locator">
<arguments>
<arg>&lt;selenium.webdriver.chrome.webdriver.WebDriver (session="724f3017ef8728e61bd7f7afca082e41")&gt;</arg>
<arg>Sign out</arg>
<arg>a</arg>
<arg>{}</arg>
</arguments>
<kw name="Get WebElement" library="SeleniumLibrary">
<doc>Returns the first WebElement matching the given ``locator``.</doc>
<arguments>
<arg>//div[@class='header-container']//a[contains(text(),'${locator}')]</arg>
</arguments>
<assign>
<var>${element}</var>
</assign>
<msg timestamp="20190930 09:00:14.525" level="INFO">${element} = &lt;selenium.webdriver.remote.webelement.WebElement (session="724f3017ef8728e61bd7f7afca082e41", element="1e2ab8bc-25f2-4234-b916-f9f28b728c0d")&gt;</msg>
<status status="PASS" starttime="20190930 09:00:14.500" endtime="20190930 09:00:14.526"></status>
</kw>
<status status="PASS" starttime="20190930 09:00:14.498" endtime="20190930 09:00:14.527"></status>
</kw>
<status status="PASS" starttime="20190930 09:00:14.493" endtime="20190930 09:00:17.520"></status>
</kw>
<status status="PASS" starttime="20190930 09:00:14.490" endtime="20190930 09:00:17.521"></status>
</kw>
<status status="PASS" starttime="20190930 08:59:52.208" endtime="20190930 09:00:17.521" critical="yes"></status>
</test>
<status status="PASS" starttime="20190930 08:59:36.485" endtime="20190930 09:00:17.523"></status>
</suite>
<status status="PASS" starttime="20190930 08:59:36.469" endtime="20190930 09:00:17.530"></status>
</suite>
<statistics>
<total>
<stat pass="2" fail="0">Critical Tests</stat>
<stat pass="2" fail="0">All Tests</stat>
</total>
<tag>
</tag>
<suite>
<stat pass="2" fail="0" id="s1" name="Webshop test">Webshop test</stat>
<stat pass="2" fail="0" id="s1-s1" name="Regisztracio Din Sel">Webshop test.Regisztracio Din Sel</stat>
</suite>
</statistics>
<errors>
</errors>
</robot>
