<?xml version="1.0" encoding="UTF-8"?>
<robot generator="Robot 3.1.2 (Python 3.7.4 on win32)" generated="20191003 08:40:58.994" rpa="false">
<suite id="s1" name="Webshop test" source="C:\Users\User\eclipse-workspace\Webshop_test">
<suite id="s1-s1" name="Regisztracio Din Sel" source="C:\Users\User\eclipse-workspace\Webshop_test\regisztracio_din_sel.robot">
<test id="s1-s1-t1" name="Oldal Indítása">
<kw name="Egyedi Lokátorok hozzáadása" type="setup">
<kw name="Add locators" library="locator">
<kw name="Add Location Strategy" library="SeleniumLibrary">
<doc>Adds a custom location strategy.</doc>
<arguments>
<arg>LOC_header</arg>
<arg>Locator Header</arg>
</arguments>
<status status="PASS" starttime="20191003 08:40:59.422" endtime="20191003 08:40:59.453"></status>
</kw>
<kw name="Add Location Strategy" library="SeleniumLibrary">
<doc>Adds a custom location strategy.</doc>
<arguments>
<arg>LOC_text</arg>
<arg>Locator Text</arg>
</arguments>
<status status="PASS" starttime="20191003 08:40:59.453" endtime="20191003 08:40:59.453"></status>
</kw>
<kw name="Add Location Strategy" library="SeleniumLibrary">
<doc>Adds a custom location strategy.</doc>
<arguments>
<arg>LOC_button</arg>
<arg>Locator Button</arg>
</arguments>
<status status="PASS" starttime="20191003 08:40:59.453" endtime="20191003 08:40:59.453"></status>
</kw>
<kw name="Add Location Strategy" library="SeleniumLibrary">
<doc>Adds a custom location strategy.</doc>
<arguments>
<arg>LOC_SelectDate</arg>
<arg>Locator SelectDate</arg>
</arguments>
<status status="PASS" starttime="20191003 08:40:59.453" endtime="20191003 08:40:59.453"></status>
</kw>
<kw name="Add Location Strategy" library="SeleniumLibrary">
<doc>Adds a custom location strategy.</doc>
<arguments>
<arg>LOC_Select</arg>
<arg>Locator Select</arg>
</arguments>
<status status="PASS" starttime="20191003 08:40:59.453" endtime="20191003 08:40:59.469"></status>
</kw>
<kw name="Add Location Strategy" library="SeleniumLibrary">
<doc>Adds a custom location strategy.</doc>
<arguments>
<arg>LOC_Radio</arg>
<arg>Locator Radio</arg>
</arguments>
<status status="PASS" starttime="20191003 08:40:59.469" endtime="20191003 08:40:59.469"></status>
</kw>
<status status="PASS" starttime="20191003 08:40:59.406" endtime="20191003 08:40:59.469"></status>
</kw>
<status status="PASS" starttime="20191003 08:40:59.405" endtime="20191003 08:40:59.469"></status>
</kw>
<kw name="Oldal Indítás">
<kw name="Open Browser" library="SeleniumLibrary">
<doc>Opens a new browser instance to the given ``url``.</doc>
<arguments>
<arg>http://automationpractice.com</arg>
<arg>Chrome</arg>
</arguments>
<msg timestamp="20191003 08:40:59.485" level="INFO">Opening browser 'Chrome' to base url 'http://automationpractice.com'.</msg>
<status status="PASS" starttime="20191003 08:40:59.469" endtime="20191003 08:41:09.030"></status>
</kw>
<kw name="Maximize Browser Window" library="SeleniumLibrary">
<doc>Maximizes current browser window.</doc>
<status status="PASS" starttime="20191003 08:41:09.031" endtime="20191003 08:41:13.242"></status>
</kw>
<kw name="Set Browser Implicit Wait" library="SeleniumLibrary">
<doc>Sets the implicit wait value used by Selenium.</doc>
<arguments>
<arg>2000</arg>
</arguments>
<status status="PASS" starttime="20191003 08:41:13.243" endtime="20191003 08:41:13.264"></status>
</kw>
<status status="PASS" starttime="20191003 08:40:59.469" endtime="20191003 08:41:13.266"></status>
</kw>
<status status="PASS" starttime="20191003 08:40:59.404" endtime="20191003 08:41:13.268" critical="yes"></status>
</test>
<test id="s1-s1-t2" name="Regisztráció">
<kw name="Egyedi Lokátorok hozzáadása" type="setup">
<kw name="Add locators" library="locator">
<kw name="Add Location Strategy" library="SeleniumLibrary">
<doc>Adds a custom location strategy.</doc>
<arguments>
<arg>LOC_header</arg>
<arg>Locator Header</arg>
</arguments>
<status status="PASS" starttime="20191003 08:41:13.284" endtime="20191003 08:41:13.292"></status>
</kw>
<kw name="Add Location Strategy" library="SeleniumLibrary">
<doc>Adds a custom location strategy.</doc>
<arguments>
<arg>LOC_text</arg>
<arg>Locator Text</arg>
</arguments>
<status status="PASS" starttime="20191003 08:41:13.294" endtime="20191003 08:41:13.296"></status>
</kw>
<kw name="Add Location Strategy" library="SeleniumLibrary">
<doc>Adds a custom location strategy.</doc>
<arguments>
<arg>LOC_button</arg>
<arg>Locator Button</arg>
</arguments>
<status status="PASS" starttime="20191003 08:41:13.297" endtime="20191003 08:41:13.302"></status>
</kw>
<kw name="Add Location Strategy" library="SeleniumLibrary">
<doc>Adds a custom location strategy.</doc>
<arguments>
<arg>LOC_SelectDate</arg>
<arg>Locator SelectDate</arg>
</arguments>
<status status="PASS" starttime="20191003 08:41:13.306" endtime="20191003 08:41:13.311"></status>
</kw>
<kw name="Add Location Strategy" library="SeleniumLibrary">
<doc>Adds a custom location strategy.</doc>
<arguments>
<arg>LOC_Select</arg>
<arg>Locator Select</arg>
</arguments>
<status status="PASS" starttime="20191003 08:41:13.311" endtime="20191003 08:41:13.315"></status>
</kw>
<kw name="Add Location Strategy" library="SeleniumLibrary">
<doc>Adds a custom location strategy.</doc>
<arguments>
<arg>LOC_Radio</arg>
<arg>Locator Radio</arg>
</arguments>
<status status="PASS" starttime="20191003 08:41:13.316" endtime="20191003 08:41:13.323"></status>
</kw>
<status status="PASS" starttime="20191003 08:41:13.280" endtime="20191003 08:41:13.325"></status>
</kw>
<status status="PASS" starttime="20191003 08:41:13.274" endtime="20191003 08:41:13.325"></status>
</kw>
<kw name="Headerben kattintás">
<arguments>
<arg>Sign in</arg>
</arguments>
<kw name="Click Link" library="SeleniumLibrary">
<doc>Clicks a link identified by ``locator``.</doc>
<arguments>
<arg>LOC_header:${nev}</arg>
</arguments>
<msg timestamp="20191003 08:41:13.332" level="INFO">Clicking link 'LOC_header:Sign in'.</msg>
<kw name="Locator Header" library="locator">
<arguments>
<arg>&lt;selenium.webdriver.chrome.webdriver.WebDriver (session="371df3932e8e1299d2cef84c0fd55019")&gt;</arg>
<arg>Sign in</arg>
<arg>a</arg>
<arg>{}</arg>
</arguments>
<kw name="Get WebElement" library="SeleniumLibrary">
<doc>Returns the first WebElement matching the given ``locator``.</doc>
<arguments>
<arg>//div[@class='header-container']//a[contains(text(),'${locator}')]</arg>
</arguments>
<assign>
<var>${element}</var>
</assign>
<msg timestamp="20191003 08:41:13.363" level="INFO">${element} = &lt;selenium.webdriver.remote.webelement.WebElement (session="371df3932e8e1299d2cef84c0fd55019", element="4c78cb50-a165-4c31-9422-a0c6f77562b8")&gt;</msg>
<status status="PASS" starttime="20191003 08:41:13.347" endtime="20191003 08:41:13.363"></status>
</kw>
<status status="PASS" starttime="20191003 08:41:13.332" endtime="20191003 08:41:13.363"></status>
</kw>
<status status="PASS" starttime="20191003 08:41:13.332" endtime="20191003 08:41:15.054"></status>
</kw>
<status status="PASS" starttime="20191003 08:41:13.326" endtime="20191003 08:41:15.055"></status>
</kw>
<kw name="Szövegbeírás">
<arguments>
<arg>Create an account;Email address</arg>
<arg>${Email address}</arg>
</arguments>
<kw name="Input Text" library="SeleniumLibrary">
<doc>Types the given ``text`` into text field identified by ``locator``.</doc>
<arguments>
<arg>LOC_text:${hely}</arg>
<arg>${szoveg}</arg>
</arguments>
<msg timestamp="20191003 08:41:15.081" level="INFO">Typing text 'robi@robot.hu' into text field 'LOC_text:Create an account;Email address'.</msg>
<kw name="Locator Text" library="locator">
<arguments>
<arg>&lt;selenium.webdriver.chrome.webdriver.WebDriver (session="371df3932e8e1299d2cef84c0fd55019")&gt;</arg>
<arg>Create an account;Email address</arg>
<arg>None</arg>
<arg>{}</arg>
</arguments>
<kw name="Split String" library="String">
<doc>Splits the ``string`` using ``separator`` as a delimiter string.</doc>
<arguments>
<arg>${locator}</arg>
<arg>;</arg>
</arguments>
<assign>
<var>@{element_parameterek}</var>
</assign>
<msg timestamp="20191003 08:41:15.108" level="INFO">@{element_parameterek} = [ Create an account | Email address ]</msg>
<status status="PASS" starttime="20191003 08:41:15.096" endtime="20191003 08:41:15.108"></status>
</kw>
<kw name="Get Length" library="BuiltIn">
<doc>Returns and logs the length of the given item as an integer.</doc>
<arguments>
<arg>${element_parameterek}</arg>
</arguments>
<assign>
<var>${lista_meret}</var>
</assign>
<msg timestamp="20191003 08:41:15.121" level="INFO">Length is 2</msg>
<msg timestamp="20191003 08:41:15.121" level="INFO">${lista_meret} = 2</msg>
<status status="PASS" starttime="20191003 08:41:15.109" endtime="20191003 08:41:15.122"></status>
</kw>
<kw name="Run Keyword If" library="BuiltIn">
<doc>Runs the given keyword with the given arguments, if ``condition`` is true.</doc>
<arguments>
<arg>${lista_meret} &lt; 2</arg>
<arg>SeleniumLibrary.Get WebElement</arg>
<arg>//label[contains(text(),'@{element_parameterek}[0]')]/ancestor::*[substring-after(@class, "form-")="group" or substring-before(@class, "group")="form-"]//*[self::input or self::textarea]</arg>
<arg>ELSE</arg>
<arg>SeleniumLibrary.Get WebElement</arg>
<arg>//h3[contains(text(),'@{element_parameterek}[0]')]/..//label[contains(text(),'@{element_parameterek}[1]')]/ancestor::*[substring-after(@class, "form-")="group" or substring-before(@class, "group")="form-"]//*[self::input or self::textarea]</arg>
</arguments>
<assign>
<var>${element}</var>
</assign>
<kw name="Get WebElement" library="SeleniumLibrary">
<doc>Returns the first WebElement matching the given ``locator``.</doc>
<arguments>
<arg>//h3[contains(text(),'@{element_parameterek}[0]')]/..//label[contains(text(),'@{element_parameterek}[1]')]/ancestor::*[substring-after(@class, "form-")="group" or substring-before(@class, "group")="form-"]//*[self::input or self::textarea]</arg>
</arguments>
<status status="PASS" starttime="20191003 08:41:15.135" endtime="20191003 08:41:15.160"></status>
</kw>
<msg timestamp="20191003 08:41:15.161" level="INFO">${element} = &lt;selenium.webdriver.remote.webelement.WebElement (session="371df3932e8e1299d2cef84c0fd55019", element="cb87439f-595d-4e81-a4ac-2b8069c7ce34")&gt;</msg>
<status status="PASS" starttime="20191003 08:41:15.123" endtime="20191003 08:41:15.161"></status>
</kw>
<status status="PASS" starttime="20191003 08:41:15.082" endtime="20191003 08:41:15.162"></status>
</kw>
<status status="PASS" starttime="20191003 08:41:15.067" endtime="20191003 08:41:15.397"></status>
</kw>
<status status="PASS" starttime="20191003 08:41:15.056" endtime="20191003 08:41:15.399"></status>
</kw>
<kw name="Gombra kattintás">
<arguments>
<arg>Create an account;Create an account</arg>
</arguments>
<kw name="Click Element" library="SeleniumLibrary">
<doc>Click element identified by ``locator``.</doc>
<arguments>
<arg>LOC_button:${nev}</arg>
</arguments>
<msg timestamp="20191003 08:41:15.424" level="INFO">Clicking element 'LOC_button:Create an account;Create an account'.</msg>
<kw name="Locator Button" library="locator">
<arguments>
<arg>&lt;selenium.webdriver.chrome.webdriver.WebDriver (session="371df3932e8e1299d2cef84c0fd55019")&gt;</arg>
<arg>Create an account;Create an account</arg>
<arg>None</arg>
<arg>{}</arg>
</arguments>
<kw name="Split String" library="String">
<doc>Splits the ``string`` using ``separator`` as a delimiter string.</doc>
<arguments>
<arg>${locator}</arg>
<arg>;</arg>
</arguments>
<assign>
<var>@{element_parameterek}</var>
</assign>
<msg timestamp="20191003 08:41:15.441" level="INFO">@{element_parameterek} = [ Create an account | Create an account ]</msg>
<status status="PASS" starttime="20191003 08:41:15.437" endtime="20191003 08:41:15.441"></status>
</kw>
<kw name="Get Length" library="BuiltIn">
<doc>Returns and logs the length of the given item as an integer.</doc>
<arguments>
<arg>${element_parameterek}</arg>
</arguments>
<assign>
<var>${lista_meret}</var>
</assign>
<msg timestamp="20191003 08:41:15.445" level="INFO">Length is 2</msg>
<msg timestamp="20191003 08:41:15.446" level="INFO">${lista_meret} = 2</msg>
<status status="PASS" starttime="20191003 08:41:15.442" endtime="20191003 08:41:15.446"></status>
</kw>
<kw name="Run Keyword If" library="BuiltIn">
<doc>Runs the given keyword with the given arguments, if ``condition`` is true.</doc>
<arguments>
<arg>${lista_meret} &lt; 2</arg>
<arg>SeleniumLibrary.Get WebElement</arg>
<arg>//span[text()[normalize-space() = '@{element_parameterek}[0]']]/ancestor::button</arg>
<arg>ELSE</arg>
<arg>SeleniumLibrary.Get WebElement</arg>
<arg>//h3[contains(text(),'@{element_parameterek}[0]')]/..//span[text()[normalize-space() = '@{element_parameterek}[1]']]/ancestor::button</arg>
</arguments>
<assign>
<var>${element}</var>
</assign>
<kw name="Get WebElement" library="SeleniumLibrary">
<doc>Returns the first WebElement matching the given ``locator``.</doc>
<arguments>
<arg>//h3[contains(text(),'@{element_parameterek}[0]')]/..//span[text()[normalize-space() = '@{element_parameterek}[1]']]/ancestor::button</arg>
</arguments>
<status status="PASS" starttime="20191003 08:41:15.450" endtime="20191003 08:41:15.477"></status>
</kw>
<msg timestamp="20191003 08:41:15.478" level="INFO">${element} = &lt;selenium.webdriver.remote.webelement.WebElement (session="371df3932e8e1299d2cef84c0fd55019", element="7e147ad3-b4a0-4c0c-9e47-e8fdccb08734")&gt;</msg>
<status status="PASS" starttime="20191003 08:41:15.447" endtime="20191003 08:41:15.478"></status>
</kw>
<status status="PASS" starttime="20191003 08:41:15.424" endtime="20191003 08:41:15.479"></status>
</kw>
<status status="PASS" starttime="20191003 08:41:15.410" endtime="20191003 08:41:15.602"></status>
</kw>
<status status="PASS" starttime="20191003 08:41:15.400" endtime="20191003 08:41:15.603"></status>
</kw>
<kw name="Radio gomb választás">
<arguments>
<arg>Your personal information;Title</arg>
<arg>${Title}</arg>
</arguments>
<kw name="Click Element" library="SeleniumLibrary">
<doc>Click element identified by ``locator``.</doc>
<arguments>
<arg>LOC_Radio:${hely};${ertek}</arg>
</arguments>
<msg timestamp="20191003 08:41:15.618" level="INFO">Clicking element 'LOC_Radio:Your personal information;Title;Mr.'.</msg>
<kw name="Locator Radio" library="locator">
<arguments>
<arg>&lt;selenium.webdriver.chrome.webdriver.WebDriver (session="371df3932e8e1299d2cef84c0fd55019")&gt;</arg>
<arg>Your personal information;Title;Mr.</arg>
<arg>None</arg>
<arg>{}</arg>
</arguments>
<kw name="Split String" library="String">
<doc>Splits the ``string`` using ``separator`` as a delimiter string.</doc>
<arguments>
<arg>${locator}</arg>
<arg>;</arg>
</arguments>
<assign>
<var>@{element_parameterek}</var>
</assign>
<msg timestamp="20191003 08:41:15.636" level="INFO">@{element_parameterek} = [ Your personal information | Title | Mr. ]</msg>
<status status="PASS" starttime="20191003 08:41:15.632" endtime="20191003 08:41:15.636"></status>
</kw>
<kw name="Get Length" library="BuiltIn">
<doc>Returns and logs the length of the given item as an integer.</doc>
<arguments>
<arg>${element_parameterek}</arg>
</arguments>
<assign>
<var>${lista_meret}</var>
</assign>
<msg timestamp="20191003 08:41:15.640" level="INFO">Length is 3</msg>
<msg timestamp="20191003 08:41:15.641" level="INFO">${lista_meret} = 3</msg>
<status status="PASS" starttime="20191003 08:41:15.637" endtime="20191003 08:41:15.641"></status>
</kw>
<kw name="Run Keyword If" library="BuiltIn">
<doc>Runs the given keyword with the given arguments, if ``condition`` is true.</doc>
<arguments>
<arg>${lista_meret} &lt; 3</arg>
<arg>SeleniumLibrary.Get WebElement</arg>
<arg>//label[contains(text(),'@{element_parameterek}[0]')]/..//label[contains(normalize-space(.), "@{element_parameterek}[1]")]/..//input</arg>
<arg>ELSE</arg>
<arg>SeleniumLibrary.Get WebElement</arg>
<arg>//h3[contains(text(),'@{element_parameterek}[0]')]/..//label[contains(text(),'@{element_parameterek}[1]')]/..//label[contains(normalize-space(.), "@{element_parameterek}[2]")]/..//input</arg>
</arguments>
<assign>
<var>${element}</var>
</assign>
<kw name="Get WebElement" library="SeleniumLibrary">
<doc>Returns the first WebElement matching the given ``locator``.</doc>
<arguments>
<arg>//h3[contains(text(),'@{element_parameterek}[0]')]/..//label[contains(text(),'@{element_parameterek}[1]')]/..//label[contains(normalize-space(.), "@{element_parameterek}[2]")]/..//input</arg>
</arguments>
<status status="PASS" starttime="20191003 08:41:15.647" endtime="20191003 08:41:16.939"></status>
</kw>
<msg timestamp="20191003 08:41:16.940" level="INFO">${element} = &lt;selenium.webdriver.remote.webelement.WebElement (session="371df3932e8e1299d2cef84c0fd55019", element="bc1650ce-a20b-40cd-b1e6-0fcb08e79e45")&gt;</msg>
<status status="PASS" starttime="20191003 08:41:15.642" endtime="20191003 08:41:16.940"></status>
</kw>
<status status="PASS" starttime="20191003 08:41:15.618" endtime="20191003 08:41:16.940"></status>
</kw>
<status status="PASS" starttime="20191003 08:41:15.614" endtime="20191003 08:41:17.037"></status>
</kw>
<status status="PASS" starttime="20191003 08:41:15.604" endtime="20191003 08:41:17.038"></status>
</kw>
<kw name="Szövegbeírás">
<arguments>
<arg>First name</arg>
<arg>${First Name}</arg>
</arguments>
<kw name="Input Text" library="SeleniumLibrary">
<doc>Types the given ``text`` into text field identified by ``locator``.</doc>
<arguments>
<arg>LOC_text:${hely}</arg>
<arg>${szoveg}</arg>
</arguments>
<msg timestamp="20191003 08:41:17.044" level="INFO">Typing text 'Robi' into text field 'LOC_text:First name'.</msg>
<kw name="Locator Text" library="locator">
<arguments>
<arg>&lt;selenium.webdriver.chrome.webdriver.WebDriver (session="371df3932e8e1299d2cef84c0fd55019")&gt;</arg>
<arg>First name</arg>
<arg>None</arg>
<arg>{}</arg>
</arguments>
<kw name="Split String" library="String">
<doc>Splits the ``string`` using ``separator`` as a delimiter string.</doc>
<arguments>
<arg>${locator}</arg>
<arg>;</arg>
</arguments>
<assign>
<var>@{element_parameterek}</var>
</assign>
<msg timestamp="20191003 08:41:17.054" level="INFO">@{element_parameterek} = [ First name ]</msg>
<status status="PASS" starttime="20191003 08:41:17.047" endtime="20191003 08:41:17.055"></status>
</kw>
<kw name="Get Length" library="BuiltIn">
<doc>Returns and logs the length of the given item as an integer.</doc>
<arguments>
<arg>${element_parameterek}</arg>
</arguments>
<assign>
<var>${lista_meret}</var>
</assign>
<msg timestamp="20191003 08:41:17.060" level="INFO">Length is 1</msg>
<msg timestamp="20191003 08:41:17.060" level="INFO">${lista_meret} = 1</msg>
<status status="PASS" starttime="20191003 08:41:17.056" endtime="20191003 08:41:17.060"></status>
</kw>
<kw name="Run Keyword If" library="BuiltIn">
<doc>Runs the given keyword with the given arguments, if ``condition`` is true.</doc>
<arguments>
<arg>${lista_meret} &lt; 2</arg>
<arg>SeleniumLibrary.Get WebElement</arg>
<arg>//label[contains(text(),'@{element_parameterek}[0]')]/ancestor::*[substring-after(@class, "form-")="group" or substring-before(@class, "group")="form-"]//*[self::input or self::textarea]</arg>
<arg>ELSE</arg>
<arg>SeleniumLibrary.Get WebElement</arg>
<arg>//h3[contains(text(),'@{element_parameterek}[0]')]/..//label[contains(text(),'@{element_parameterek}[1]')]/ancestor::*[substring-after(@class, "form-")="group" or substring-before(@class, "group")="form-"]//*[self::input or self::textarea]</arg>
</arguments>
<assign>
<var>${element}</var>
</assign>
<kw name="Get WebElement" library="SeleniumLibrary">
<doc>Returns the first WebElement matching the given ``locator``.</doc>
<arguments>
<arg>//label[contains(text(),'@{element_parameterek}[0]')]/ancestor::*[substring-after(@class, "form-")="group" or substring-before(@class, "group")="form-"]//*[self::input or self::textarea]</arg>
</arguments>
<status status="PASS" starttime="20191003 08:41:17.066" endtime="20191003 08:41:17.087"></status>
</kw>
<msg timestamp="20191003 08:41:17.089" level="INFO">${element} = &lt;selenium.webdriver.remote.webelement.WebElement (session="371df3932e8e1299d2cef84c0fd55019", element="bf2ba2fc-ca52-47f2-b5a7-bbc302eb0856")&gt;</msg>
<status status="PASS" starttime="20191003 08:41:17.061" endtime="20191003 08:41:17.089"></status>
</kw>
<status status="PASS" starttime="20191003 08:41:17.044" endtime="20191003 08:41:17.091"></status>
</kw>
<status status="PASS" starttime="20191003 08:41:17.041" endtime="20191003 08:41:17.229"></status>
</kw>
<status status="PASS" starttime="20191003 08:41:17.039" endtime="20191003 08:41:17.230"></status>
</kw>
<kw name="Szövegbeírás">
<arguments>
<arg>Last name</arg>
<arg>${Last Name}</arg>
</arguments>
<kw name="Input Text" library="SeleniumLibrary">
<doc>Types the given ``text`` into text field identified by ``locator``.</doc>
<arguments>
<arg>LOC_text:${hely}</arg>
<arg>${szoveg}</arg>
</arguments>
<msg timestamp="20191003 08:41:17.243" level="INFO">Typing text 'Robot' into text field 'LOC_text:Last name'.</msg>
<kw name="Locator Text" library="locator">
<arguments>
<arg>&lt;selenium.webdriver.chrome.webdriver.WebDriver (session="371df3932e8e1299d2cef84c0fd55019")&gt;</arg>
<arg>Last name</arg>
<arg>None</arg>
<arg>{}</arg>
</arguments>
<kw name="Split String" library="String">
<doc>Splits the ``string`` using ``separator`` as a delimiter string.</doc>
<arguments>
<arg>${locator}</arg>
<arg>;</arg>
</arguments>
<assign>
<var>@{element_parameterek}</var>
</assign>
<msg timestamp="20191003 08:41:17.255" level="INFO">@{element_parameterek} = [ Last name ]</msg>
<status status="PASS" starttime="20191003 08:41:17.248" endtime="20191003 08:41:17.256"></status>
</kw>
<kw name="Get Length" library="BuiltIn">
<doc>Returns and logs the length of the given item as an integer.</doc>
<arguments>
<arg>${element_parameterek}</arg>
</arguments>
<assign>
<var>${lista_meret}</var>
</assign>
<msg timestamp="20191003 08:41:17.260" level="INFO">Length is 1</msg>
<msg timestamp="20191003 08:41:17.261" level="INFO">${lista_meret} = 1</msg>
<status status="PASS" starttime="20191003 08:41:17.257" endtime="20191003 08:41:17.261"></status>
</kw>
<kw name="Run Keyword If" library="BuiltIn">
<doc>Runs the given keyword with the given arguments, if ``condition`` is true.</doc>
<arguments>
<arg>${lista_meret} &lt; 2</arg>
<arg>SeleniumLibrary.Get WebElement</arg>
<arg>//label[contains(text(),'@{element_parameterek}[0]')]/ancestor::*[substring-after(@class, "form-")="group" or substring-before(@class, "group")="form-"]//*[self::input or self::textarea]</arg>
<arg>ELSE</arg>
<arg>SeleniumLibrary.Get WebElement</arg>
<arg>//h3[contains(text(),'@{element_parameterek}[0]')]/..//label[contains(text(),'@{element_parameterek}[1]')]/ancestor::*[substring-after(@class, "form-")="group" or substring-before(@class, "group")="form-"]//*[self::input or self::textarea]</arg>
</arguments>
<assign>
<var>${element}</var>
</assign>
<kw name="Get WebElement" library="SeleniumLibrary">
<doc>Returns the first WebElement matching the given ``locator``.</doc>
<arguments>
<arg>//label[contains(text(),'@{element_parameterek}[0]')]/ancestor::*[substring-after(@class, "form-")="group" or substring-before(@class, "group")="form-"]//*[self::input or self::textarea]</arg>
</arguments>
<status status="PASS" starttime="20191003 08:41:17.269" endtime="20191003 08:41:17.328"></status>
</kw>
<msg timestamp="20191003 08:41:17.329" level="INFO">${element} = &lt;selenium.webdriver.remote.webelement.WebElement (session="371df3932e8e1299d2cef84c0fd55019", element="995599e4-3c14-4fb2-816b-95f6ade9f3fd")&gt;</msg>
<status status="PASS" starttime="20191003 08:41:17.262" endtime="20191003 08:41:17.329"></status>
</kw>
<status status="PASS" starttime="20191003 08:41:17.244" endtime="20191003 08:41:17.330"></status>
</kw>
<status status="PASS" starttime="20191003 08:41:17.238" endtime="20191003 08:41:17.487"></status>
</kw>
<status status="PASS" starttime="20191003 08:41:17.232" endtime="20191003 08:41:17.488"></status>
</kw>
<kw name="Szövegellenőrzés">
<arguments>
<arg>Email</arg>
<arg>${Email address}</arg>
</arguments>
<kw name="Textfield Value Should Be" library="SeleniumLibrary">
<doc>Verifies text field ``locator`` has exactly text ``expected``.</doc>
<arguments>
<arg>LOC_text:${hely}</arg>
<arg>${ertek}</arg>
</arguments>
<kw name="Locator Text" library="locator">
<arguments>
<arg>&lt;selenium.webdriver.chrome.webdriver.WebDriver (session="371df3932e8e1299d2cef84c0fd55019")&gt;</arg>
<arg>Email</arg>
<arg>input</arg>
<arg>{'type': ['date', 'datetime-local', 'email', 'month', 'number', 'password', 'search', 'tel', 'text', 'time', 'url', 'week', 'file']}</arg>
</arguments>
<kw name="Split String" library="String">
<doc>Splits the ``string`` using ``separator`` as a delimiter string.</doc>
<arguments>
<arg>${locator}</arg>
<arg>;</arg>
</arguments>
<assign>
<var>@{element_parameterek}</var>
</assign>
<msg timestamp="20191003 08:41:17.523" level="INFO">@{element_parameterek} = [ Email ]</msg>
<status status="PASS" starttime="20191003 08:41:17.517" endtime="20191003 08:41:17.524"></status>
</kw>
<kw name="Get Length" library="BuiltIn">
<doc>Returns and logs the length of the given item as an integer.</doc>
<arguments>
<arg>${element_parameterek}</arg>
</arguments>
<assign>
<var>${lista_meret}</var>
</assign>
<msg timestamp="20191003 08:41:17.529" level="INFO">Length is 1</msg>
<msg timestamp="20191003 08:41:17.529" level="INFO">${lista_meret} = 1</msg>
<status status="PASS" starttime="20191003 08:41:17.525" endtime="20191003 08:41:17.530"></status>
</kw>
<kw name="Run Keyword If" library="BuiltIn">
<doc>Runs the given keyword with the given arguments, if ``condition`` is true.</doc>
<arguments>
<arg>${lista_meret} &lt; 2</arg>
<arg>SeleniumLibrary.Get WebElement</arg>
<arg>//label[contains(text(),'@{element_parameterek}[0]')]/ancestor::*[substring-after(@class, "form-")="group" or substring-before(@class, "group")="form-"]//*[self::input or self::textarea]</arg>
<arg>ELSE</arg>
<arg>SeleniumLibrary.Get WebElement</arg>
<arg>//h3[contains(text(),'@{element_parameterek}[0]')]/..//label[contains(text(),'@{element_parameterek}[1]')]/ancestor::*[substring-after(@class, "form-")="group" or substring-before(@class, "group")="form-"]//*[self::input or self::textarea]</arg>
</arguments>
<assign>
<var>${element}</var>
</assign>
<kw name="Get WebElement" library="SeleniumLibrary">
<doc>Returns the first WebElement matching the given ``locator``.</doc>
<arguments>
<arg>//label[contains(text(),'@{element_parameterek}[0]')]/ancestor::*[substring-after(@class, "form-")="group" or substring-before(@class, "group")="form-"]//*[self::input or self::textarea]</arg>
</arguments>
<status status="PASS" starttime="20191003 08:41:17.536" endtime="20191003 08:41:17.626"></status>
</kw>
<msg timestamp="20191003 08:41:17.627" level="INFO">${element} = &lt;selenium.webdriver.remote.webelement.WebElement (session="371df3932e8e1299d2cef84c0fd55019", element="43a09ca8-3564-4679-be73-a7a0969fb204")&gt;</msg>
<status status="PASS" starttime="20191003 08:41:17.531" endtime="20191003 08:41:17.628"></status>
</kw>
<status status="PASS" starttime="20191003 08:41:17.513" endtime="20191003 08:41:17.628"></status>
</kw>
<msg timestamp="20191003 08:41:17.640" level="INFO">Content of text field 'LOC_text:Email' is 'robi@robot.hu'.</msg>
<status status="PASS" starttime="20191003 08:41:17.502" endtime="20191003 08:41:17.640"></status>
</kw>
<status status="PASS" starttime="20191003 08:41:17.490" endtime="20191003 08:41:17.641"></status>
</kw>
<kw name="Szövegbeírás">
<arguments>
<arg>Password</arg>
<arg>${Password}</arg>
</arguments>
<kw name="Input Text" library="SeleniumLibrary">
<doc>Types the given ``text`` into text field identified by ``locator``.</doc>
<arguments>
<arg>LOC_text:${hely}</arg>
<arg>${szoveg}</arg>
</arguments>
<msg timestamp="20191003 08:41:17.647" level="INFO">Typing text 'Password1' into text field 'LOC_text:Password'.</msg>
<kw name="Locator Text" library="locator">
<arguments>
<arg>&lt;selenium.webdriver.chrome.webdriver.WebDriver (session="371df3932e8e1299d2cef84c0fd55019")&gt;</arg>
<arg>Password</arg>
<arg>None</arg>
<arg>{}</arg>
</arguments>
<kw name="Split String" library="String">
<doc>Splits the ``string`` using ``separator`` as a delimiter string.</doc>
<arguments>
<arg>${locator}</arg>
<arg>;</arg>
</arguments>
<assign>
<var>@{element_parameterek}</var>
</assign>
<msg timestamp="20191003 08:41:17.655" level="INFO">@{element_parameterek} = [ Password ]</msg>
<status status="PASS" starttime="20191003 08:41:17.652" endtime="20191003 08:41:17.656"></status>
</kw>
<kw name="Get Length" library="BuiltIn">
<doc>Returns and logs the length of the given item as an integer.</doc>
<arguments>
<arg>${element_parameterek}</arg>
</arguments>
<assign>
<var>${lista_meret}</var>
</assign>
<msg timestamp="20191003 08:41:17.661" level="INFO">Length is 1</msg>
<msg timestamp="20191003 08:41:17.661" level="INFO">${lista_meret} = 1</msg>
<status status="PASS" starttime="20191003 08:41:17.657" endtime="20191003 08:41:17.662"></status>
</kw>
<kw name="Run Keyword If" library="BuiltIn">
<doc>Runs the given keyword with the given arguments, if ``condition`` is true.</doc>
<arguments>
<arg>${lista_meret} &lt; 2</arg>
<arg>SeleniumLibrary.Get WebElement</arg>
<arg>//label[contains(text(),'@{element_parameterek}[0]')]/ancestor::*[substring-after(@class, "form-")="group" or substring-before(@class, "group")="form-"]//*[self::input or self::textarea]</arg>
<arg>ELSE</arg>
<arg>SeleniumLibrary.Get WebElement</arg>
<arg>//h3[contains(text(),'@{element_parameterek}[0]')]/..//label[contains(text(),'@{element_parameterek}[1]')]/ancestor::*[substring-after(@class, "form-")="group" or substring-before(@class, "group")="form-"]//*[self::input or self::textarea]</arg>
</arguments>
<assign>
<var>${element}</var>
</assign>
<kw name="Get WebElement" library="SeleniumLibrary">
<doc>Returns the first WebElement matching the given ``locator``.</doc>
<arguments>
<arg>//label[contains(text(),'@{element_parameterek}[0]')]/ancestor::*[substring-after(@class, "form-")="group" or substring-before(@class, "group")="form-"]//*[self::input or self::textarea]</arg>
</arguments>
<status status="PASS" starttime="20191003 08:41:17.667" endtime="20191003 08:41:17.695"></status>
</kw>
<msg timestamp="20191003 08:41:17.697" level="INFO">${element} = &lt;selenium.webdriver.remote.webelement.WebElement (session="371df3932e8e1299d2cef84c0fd55019", element="7899f8ac-971b-4c7e-95e7-7182b05e9fd2")&gt;</msg>
<status status="PASS" starttime="20191003 08:41:17.663" endtime="20191003 08:41:17.697"></status>
</kw>
<status status="PASS" starttime="20191003 08:41:17.648" endtime="20191003 08:41:17.700"></status>
</kw>
<status status="PASS" starttime="20191003 08:41:17.645" endtime="20191003 08:41:17.863"></status>
</kw>
<status status="PASS" starttime="20191003 08:41:17.642" endtime="20191003 08:41:17.864"></status>
</kw>
<kw name="Dátumválasztás">
<arguments>
<arg>Your personal information;Date of Birth;days</arg>
<arg>${Date of Birth['Days']}</arg>
</arguments>
<kw name="Select From List By Value" library="SeleniumLibrary">
<doc>Selects options from selection list ``locator`` by ``values``.</doc>
<arguments>
<arg>LOC_SelectDate:${hely}</arg>
<arg>${ertek}</arg>
</arguments>
<msg timestamp="20191003 08:41:17.886" level="INFO">Selecting options from selection list 'LOC_SelectDate:Your personal information;Date of Birth;days' by value 1.</msg>
<kw name="Locator SelectDate" library="locator">
<arguments>
<arg>&lt;selenium.webdriver.chrome.webdriver.WebDriver (session="371df3932e8e1299d2cef84c0fd55019")&gt;</arg>
<arg>Your personal information;Date of Birth;days</arg>
<arg>select</arg>
<arg>{}</arg>
</arguments>
<kw name="Split String" library="String">
<doc>Splits the ``string`` using ``separator`` as a delimiter string.</doc>
<arguments>
<arg>${locator}</arg>
<arg>;</arg>
</arguments>
<assign>
<var>@{element_parameterek}</var>
</assign>
<msg timestamp="20191003 08:41:17.902" level="INFO">@{element_parameterek} = [ Your personal information | Date of Birth | days ]</msg>
<status status="PASS" starttime="20191003 08:41:17.897" endtime="20191003 08:41:17.903"></status>
</kw>
<kw name="Get Length" library="BuiltIn">
<doc>Returns and logs the length of the given item as an integer.</doc>
<arguments>
<arg>${element_parameterek}</arg>
</arguments>
<assign>
<var>${lista_meret}</var>
</assign>
<msg timestamp="20191003 08:41:17.907" level="INFO">Length is 3</msg>
<msg timestamp="20191003 08:41:17.908" level="INFO">${lista_meret} = 3</msg>
<status status="PASS" starttime="20191003 08:41:17.905" endtime="20191003 08:41:17.908"></status>
</kw>
<kw name="Run Keyword If" library="BuiltIn">
<doc>Runs the given keyword with the given arguments, if ``condition`` is true.</doc>
<arguments>
<arg>${lista_meret} &lt; 3</arg>
<arg>SeleniumLibrary.Get WebElement</arg>
<arg>//label[contains(text(),'@{element_parameterek}[0]')]/ancestor::*[substring-after(@class, "form-")="group" or substring-before(@class, "group")="form-"]//select[@id='@{element_parameterek}[1]']</arg>
<arg>ELSE</arg>
<arg>SeleniumLibrary.Get WebElement</arg>
<arg>//h3[contains(text(),'@{element_parameterek}[0]')]/..//label[contains(text(),'@{element_parameterek}[1]')]/ancestor::*[substring-after(@class, "form-")="group" or substring-before(@class, "group")="form-"]//select[@id='@{element_parameterek}[2]']</arg>
</arguments>
<assign>
<var>${element}</var>
</assign>
<kw name="Get WebElement" library="SeleniumLibrary">
<doc>Returns the first WebElement matching the given ``locator``.</doc>
<arguments>
<arg>//h3[contains(text(),'@{element_parameterek}[0]')]/..//label[contains(text(),'@{element_parameterek}[1]')]/ancestor::*[substring-after(@class, "form-")="group" or substring-before(@class, "group")="form-"]//select[@id='@{element_parameterek}[2]']</arg>
</arguments>
<status status="PASS" starttime="20191003 08:41:17.911" endtime="20191003 08:41:17.939"></status>
</kw>
<msg timestamp="20191003 08:41:17.941" level="INFO">${element} = &lt;selenium.webdriver.remote.webelement.WebElement (session="371df3932e8e1299d2cef84c0fd55019", element="c26257cc-2a00-487a-bc68-b14da69820f4")&gt;</msg>
<status status="PASS" starttime="20191003 08:41:17.909" endtime="20191003 08:41:17.941"></status>
</kw>
<status status="PASS" starttime="20191003 08:41:17.886" endtime="20191003 08:41:17.942"></status>
</kw>
<status status="PASS" starttime="20191003 08:41:17.874" endtime="20191003 08:41:18.036"></status>
</kw>
<status status="PASS" starttime="20191003 08:41:17.866" endtime="20191003 08:41:18.037"></status>
</kw>
<kw name="Dátumválasztás">
<arguments>
<arg>Date of Birth;months</arg>
<arg>${Date of Birth['Months']}</arg>
</arguments>
<kw name="Select From List By Value" library="SeleniumLibrary">
<doc>Selects options from selection list ``locator`` by ``values``.</doc>
<arguments>
<arg>LOC_SelectDate:${hely}</arg>
<arg>${ertek}</arg>
</arguments>
<msg timestamp="20191003 08:41:18.044" level="INFO">Selecting options from selection list 'LOC_SelectDate:Date of Birth;months' by value 1.</msg>
<kw name="Locator SelectDate" library="locator">
<arguments>
<arg>&lt;selenium.webdriver.chrome.webdriver.WebDriver (session="371df3932e8e1299d2cef84c0fd55019")&gt;</arg>
<arg>Date of Birth;months</arg>
<arg>select</arg>
<arg>{}</arg>
</arguments>
<kw name="Split String" library="String">
<doc>Splits the ``string`` using ``separator`` as a delimiter string.</doc>
<arguments>
<arg>${locator}</arg>
<arg>;</arg>
</arguments>
<assign>
<var>@{element_parameterek}</var>
</assign>
<msg timestamp="20191003 08:41:18.054" level="INFO">@{element_parameterek} = [ Date of Birth | months ]</msg>
<status status="PASS" starttime="20191003 08:41:18.047" endtime="20191003 08:41:18.054"></status>
</kw>
<kw name="Get Length" library="BuiltIn">
<doc>Returns and logs the length of the given item as an integer.</doc>
<arguments>
<arg>${element_parameterek}</arg>
</arguments>
<assign>
<var>${lista_meret}</var>
</assign>
<msg timestamp="20191003 08:41:18.058" level="INFO">Length is 2</msg>
<msg timestamp="20191003 08:41:18.059" level="INFO">${lista_meret} = 2</msg>
<status status="PASS" starttime="20191003 08:41:18.055" endtime="20191003 08:41:18.059"></status>
</kw>
<kw name="Run Keyword If" library="BuiltIn">
<doc>Runs the given keyword with the given arguments, if ``condition`` is true.</doc>
<arguments>
<arg>${lista_meret} &lt; 3</arg>
<arg>SeleniumLibrary.Get WebElement</arg>
<arg>//label[contains(text(),'@{element_parameterek}[0]')]/ancestor::*[substring-after(@class, "form-")="group" or substring-before(@class, "group")="form-"]//select[@id='@{element_parameterek}[1]']</arg>
<arg>ELSE</arg>
<arg>SeleniumLibrary.Get WebElement</arg>
<arg>//h3[contains(text(),'@{element_parameterek}[0]')]/..//label[contains(text(),'@{element_parameterek}[1]')]/ancestor::*[substring-after(@class, "form-")="group" or substring-before(@class, "group")="form-"]//select[@id='@{element_parameterek}[2]']</arg>
</arguments>
<assign>
<var>${element}</var>
</assign>
<kw name="Get WebElement" library="SeleniumLibrary">
<doc>Returns the first WebElement matching the given ``locator``.</doc>
<arguments>
<arg>//label[contains(text(),'@{element_parameterek}[0]')]/ancestor::*[substring-after(@class, "form-")="group" or substring-before(@class, "group")="form-"]//select[@id='@{element_parameterek}[1]']</arg>
</arguments>
<status status="PASS" starttime="20191003 08:41:18.064" endtime="20191003 08:41:18.088"></status>
</kw>
<msg timestamp="20191003 08:41:18.089" level="INFO">${element} = &lt;selenium.webdriver.remote.webelement.WebElement (session="371df3932e8e1299d2cef84c0fd55019", element="32e29939-3fd3-4592-846a-9da6ecaadbbb")&gt;</msg>
<status status="PASS" starttime="20191003 08:41:18.060" endtime="20191003 08:41:18.089"></status>
</kw>
<status status="PASS" starttime="20191003 08:41:18.044" endtime="20191003 08:41:18.090"></status>
</kw>
<status status="PASS" starttime="20191003 08:41:18.041" endtime="20191003 08:41:18.197"></status>
</kw>
<status status="PASS" starttime="20191003 08:41:18.038" endtime="20191003 08:41:18.199"></status>
</kw>
<kw name="Dátumválasztás">
<arguments>
<arg>Date of Birth;years</arg>
<arg>${Date of Birth['Years']}</arg>
</arguments>
<kw name="Select From List By Value" library="SeleniumLibrary">
<doc>Selects options from selection list ``locator`` by ``values``.</doc>
<arguments>
<arg>LOC_SelectDate:${hely}</arg>
<arg>${ertek}</arg>
</arguments>
<msg timestamp="20191003 08:41:18.205" level="INFO">Selecting options from selection list 'LOC_SelectDate:Date of Birth;years' by value 2000.</msg>
<kw name="Locator SelectDate" library="locator">
<arguments>
<arg>&lt;selenium.webdriver.chrome.webdriver.WebDriver (session="371df3932e8e1299d2cef84c0fd55019")&gt;</arg>
<arg>Date of Birth;years</arg>
<arg>select</arg>
<arg>{}</arg>
</arguments>
<kw name="Split String" library="String">
<doc>Splits the ``string`` using ``separator`` as a delimiter string.</doc>
<arguments>
<arg>${locator}</arg>
<arg>;</arg>
</arguments>
<assign>
<var>@{element_parameterek}</var>
</assign>
<msg timestamp="20191003 08:41:18.212" level="INFO">@{element_parameterek} = [ Date of Birth | years ]</msg>
<status status="PASS" starttime="20191003 08:41:18.209" endtime="20191003 08:41:18.213"></status>
</kw>
<kw name="Get Length" library="BuiltIn">
<doc>Returns and logs the length of the given item as an integer.</doc>
<arguments>
<arg>${element_parameterek}</arg>
</arguments>
<assign>
<var>${lista_meret}</var>
</assign>
<msg timestamp="20191003 08:41:18.216" level="INFO">Length is 2</msg>
<msg timestamp="20191003 08:41:18.217" level="INFO">${lista_meret} = 2</msg>
<status status="PASS" starttime="20191003 08:41:18.214" endtime="20191003 08:41:18.217"></status>
</kw>
<kw name="Run Keyword If" library="BuiltIn">
<doc>Runs the given keyword with the given arguments, if ``condition`` is true.</doc>
<arguments>
<arg>${lista_meret} &lt; 3</arg>
<arg>SeleniumLibrary.Get WebElement</arg>
<arg>//label[contains(text(),'@{element_parameterek}[0]')]/ancestor::*[substring-after(@class, "form-")="group" or substring-before(@class, "group")="form-"]//select[@id='@{element_parameterek}[1]']</arg>
<arg>ELSE</arg>
<arg>SeleniumLibrary.Get WebElement</arg>
<arg>//h3[contains(text(),'@{element_parameterek}[0]')]/..//label[contains(text(),'@{element_parameterek}[1]')]/ancestor::*[substring-after(@class, "form-")="group" or substring-before(@class, "group")="form-"]//select[@id='@{element_parameterek}[2]']</arg>
</arguments>
<assign>
<var>${element}</var>
</assign>
<kw name="Get WebElement" library="SeleniumLibrary">
<doc>Returns the first WebElement matching the given ``locator``.</doc>
<arguments>
<arg>//label[contains(text(),'@{element_parameterek}[0]')]/ancestor::*[substring-after(@class, "form-")="group" or substring-before(@class, "group")="form-"]//select[@id='@{element_parameterek}[1]']</arg>
</arguments>
<status status="PASS" starttime="20191003 08:41:18.220" endtime="20191003 08:41:18.239"></status>
</kw>
<msg timestamp="20191003 08:41:18.240" level="INFO">${element} = &lt;selenium.webdriver.remote.webelement.WebElement (session="371df3932e8e1299d2cef84c0fd55019", element="beb07c57-0e71-45d1-bca8-883227c549da")&gt;</msg>
<status status="PASS" starttime="20191003 08:41:18.218" endtime="20191003 08:41:18.240"></status>
</kw>
<status status="PASS" starttime="20191003 08:41:18.206" endtime="20191003 08:41:18.241"></status>
</kw>
<status status="PASS" starttime="20191003 08:41:18.203" endtime="20191003 08:41:18.322"></status>
</kw>
<status status="PASS" starttime="20191003 08:41:18.200" endtime="20191003 08:41:18.323"></status>
</kw>
<kw name="Szövegbeírás">
<arguments>
<arg>Your address;First name</arg>
<arg>${Your Address First Name}</arg>
</arguments>
<kw name="Input Text" library="SeleniumLibrary">
<doc>Types the given ``text`` into text field identified by ``locator``.</doc>
<arguments>
<arg>LOC_text:${hely}</arg>
<arg>${szoveg}</arg>
</arguments>
<msg timestamp="20191003 08:41:18.328" level="INFO">Typing text 'An' into text field 'LOC_text:Your address;First name'.</msg>
<kw name="Locator Text" library="locator">
<arguments>
<arg>&lt;selenium.webdriver.chrome.webdriver.WebDriver (session="371df3932e8e1299d2cef84c0fd55019")&gt;</arg>
<arg>Your address;First name</arg>
<arg>None</arg>
<arg>{}</arg>
</arguments>
<kw name="Split String" library="String">
<doc>Splits the ``string`` using ``separator`` as a delimiter string.</doc>
<arguments>
<arg>${locator}</arg>
<arg>;</arg>
</arguments>
<assign>
<var>@{element_parameterek}</var>
</assign>
<msg timestamp="20191003 08:41:18.334" level="INFO">@{element_parameterek} = [ Your address | First name ]</msg>
<status status="PASS" starttime="20191003 08:41:18.330" endtime="20191003 08:41:18.335"></status>
</kw>
<kw name="Get Length" library="BuiltIn">
<doc>Returns and logs the length of the given item as an integer.</doc>
<arguments>
<arg>${element_parameterek}</arg>
</arguments>
<assign>
<var>${lista_meret}</var>
</assign>
<msg timestamp="20191003 08:41:18.339" level="INFO">Length is 2</msg>
<msg timestamp="20191003 08:41:18.339" level="INFO">${lista_meret} = 2</msg>
<status status="PASS" starttime="20191003 08:41:18.336" endtime="20191003 08:41:18.339"></status>
</kw>
<kw name="Run Keyword If" library="BuiltIn">
<doc>Runs the given keyword with the given arguments, if ``condition`` is true.</doc>
<arguments>
<arg>${lista_meret} &lt; 2</arg>
<arg>SeleniumLibrary.Get WebElement</arg>
<arg>//label[contains(text(),'@{element_parameterek}[0]')]/ancestor::*[substring-after(@class, "form-")="group" or substring-before(@class, "group")="form-"]//*[self::input or self::textarea]</arg>
<arg>ELSE</arg>
<arg>SeleniumLibrary.Get WebElement</arg>
<arg>//h3[contains(text(),'@{element_parameterek}[0]')]/..//label[contains(text(),'@{element_parameterek}[1]')]/ancestor::*[substring-after(@class, "form-")="group" or substring-before(@class, "group")="form-"]//*[self::input or self::textarea]</arg>
</arguments>
<assign>
<var>${element}</var>
</assign>
<kw name="Get WebElement" library="SeleniumLibrary">
<doc>Returns the first WebElement matching the given ``locator``.</doc>
<arguments>
<arg>//h3[contains(text(),'@{element_parameterek}[0]')]/..//label[contains(text(),'@{element_parameterek}[1]')]/ancestor::*[substring-after(@class, "form-")="group" or substring-before(@class, "group")="form-"]//*[self::input or self::textarea]</arg>
</arguments>
<status status="PASS" starttime="20191003 08:41:18.342" endtime="20191003 08:41:18.359"></status>
</kw>
<msg timestamp="20191003 08:41:18.359" level="INFO">${element} = &lt;selenium.webdriver.remote.webelement.WebElement (session="371df3932e8e1299d2cef84c0fd55019", element="704f2cde-49fe-4f4d-a4d5-88597754b6ba")&gt;</msg>
<status status="PASS" starttime="20191003 08:41:18.340" endtime="20191003 08:41:18.359"></status>
</kw>
<status status="PASS" starttime="20191003 08:41:18.328" endtime="20191003 08:41:18.360"></status>
</kw>
<status status="PASS" starttime="20191003 08:41:18.326" endtime="20191003 08:41:18.496"></status>
</kw>
<status status="PASS" starttime="20191003 08:41:18.323" endtime="20191003 08:41:18.497"></status>
</kw>
<kw name="Szövegbeírás">
<arguments>
<arg>Your address;Last name</arg>
<arg>${Your Address Last Name}</arg>
</arguments>
<kw name="Input Text" library="SeleniumLibrary">
<doc>Types the given ``text`` into text field identified by ``locator``.</doc>
<arguments>
<arg>LOC_text:${hely}</arg>
<arg>${szoveg}</arg>
</arguments>
<msg timestamp="20191003 08:41:18.507" level="INFO">Typing text 'Droid' into text field 'LOC_text:Your address;Last name'.</msg>
<kw name="Locator Text" library="locator">
<arguments>
<arg>&lt;selenium.webdriver.chrome.webdriver.WebDriver (session="371df3932e8e1299d2cef84c0fd55019")&gt;</arg>
<arg>Your address;Last name</arg>
<arg>None</arg>
<arg>{}</arg>
</arguments>
<kw name="Split String" library="String">
<doc>Splits the ``string`` using ``separator`` as a delimiter string.</doc>
<arguments>
<arg>${locator}</arg>
<arg>;</arg>
</arguments>
<assign>
<var>@{element_parameterek}</var>
</assign>
<msg timestamp="20191003 08:41:18.516" level="INFO">@{element_parameterek} = [ Your address | Last name ]</msg>
<status status="PASS" starttime="20191003 08:41:18.511" endtime="20191003 08:41:18.516"></status>
</kw>
<kw name="Get Length" library="BuiltIn">
<doc>Returns and logs the length of the given item as an integer.</doc>
<arguments>
<arg>${element_parameterek}</arg>
</arguments>
<assign>
<var>${lista_meret}</var>
</assign>
<msg timestamp="20191003 08:41:18.521" level="INFO">Length is 2</msg>
<msg timestamp="20191003 08:41:18.521" level="INFO">${lista_meret} = 2</msg>
<status status="PASS" starttime="20191003 08:41:18.517" endtime="20191003 08:41:18.522"></status>
</kw>
<kw name="Run Keyword If" library="BuiltIn">
<doc>Runs the given keyword with the given arguments, if ``condition`` is true.</doc>
<arguments>
<arg>${lista_meret} &lt; 2</arg>
<arg>SeleniumLibrary.Get WebElement</arg>
<arg>//label[contains(text(),'@{element_parameterek}[0]')]/ancestor::*[substring-after(@class, "form-")="group" or substring-before(@class, "group")="form-"]//*[self::input or self::textarea]</arg>
<arg>ELSE</arg>
<arg>SeleniumLibrary.Get WebElement</arg>
<arg>//h3[contains(text(),'@{element_parameterek}[0]')]/..//label[contains(text(),'@{element_parameterek}[1]')]/ancestor::*[substring-after(@class, "form-")="group" or substring-before(@class, "group")="form-"]//*[self::input or self::textarea]</arg>
</arguments>
<assign>
<var>${element}</var>
</assign>
<kw name="Get WebElement" library="SeleniumLibrary">
<doc>Returns the first WebElement matching the given ``locator``.</doc>
<arguments>
<arg>//h3[contains(text(),'@{element_parameterek}[0]')]/..//label[contains(text(),'@{element_parameterek}[1]')]/ancestor::*[substring-after(@class, "form-")="group" or substring-before(@class, "group")="form-"]//*[self::input or self::textarea]</arg>
</arguments>
<status status="PASS" starttime="20191003 08:41:18.526" endtime="20191003 08:41:18.556"></status>
</kw>
<msg timestamp="20191003 08:41:18.557" level="INFO">${element} = &lt;selenium.webdriver.remote.webelement.WebElement (session="371df3932e8e1299d2cef84c0fd55019", element="c992ac9d-46bb-4ab9-a126-f6d2f5993ac8")&gt;</msg>
<status status="PASS" starttime="20191003 08:41:18.523" endtime="20191003 08:41:18.557"></status>
</kw>
<status status="PASS" starttime="20191003 08:41:18.507" endtime="20191003 08:41:18.558"></status>
</kw>
<status status="PASS" starttime="20191003 08:41:18.503" endtime="20191003 08:41:18.745"></status>
</kw>
<status status="PASS" starttime="20191003 08:41:18.499" endtime="20191003 08:41:18.747"></status>
</kw>
<kw name="Szövegbeírás">
<arguments>
<arg>Your address;Company</arg>
<arg>${Company}</arg>
</arguments>
<kw name="Input Text" library="SeleniumLibrary">
<doc>Types the given ``text`` into text field identified by ``locator``.</doc>
<arguments>
<arg>LOC_text:${hely}</arg>
<arg>${szoveg}</arg>
</arguments>
<msg timestamp="20191003 08:41:18.755" level="INFO">Typing text 'Cyberdyne Systems' into text field 'LOC_text:Your address;Company'.</msg>
<kw name="Locator Text" library="locator">
<arguments>
<arg>&lt;selenium.webdriver.chrome.webdriver.WebDriver (session="371df3932e8e1299d2cef84c0fd55019")&gt;</arg>
<arg>Your address;Company</arg>
<arg>None</arg>
<arg>{}</arg>
</arguments>
<kw name="Split String" library="String">
<doc>Splits the ``string`` using ``separator`` as a delimiter string.</doc>
<arguments>
<arg>${locator}</arg>
<arg>;</arg>
</arguments>
<assign>
<var>@{element_parameterek}</var>
</assign>
<msg timestamp="20191003 08:41:18.762" level="INFO">@{element_parameterek} = [ Your address | Company ]</msg>
<status status="PASS" starttime="20191003 08:41:18.759" endtime="20191003 08:41:18.762"></status>
</kw>
<kw name="Get Length" library="BuiltIn">
<doc>Returns and logs the length of the given item as an integer.</doc>
<arguments>
<arg>${element_parameterek}</arg>
</arguments>
<assign>
<var>${lista_meret}</var>
</assign>
<msg timestamp="20191003 08:41:18.766" level="INFO">Length is 2</msg>
<msg timestamp="20191003 08:41:18.766" level="INFO">${lista_meret} = 2</msg>
<status status="PASS" starttime="20191003 08:41:18.763" endtime="20191003 08:41:18.767"></status>
</kw>
<kw name="Run Keyword If" library="BuiltIn">
<doc>Runs the given keyword with the given arguments, if ``condition`` is true.</doc>
<arguments>
<arg>${lista_meret} &lt; 2</arg>
<arg>SeleniumLibrary.Get WebElement</arg>
<arg>//label[contains(text(),'@{element_parameterek}[0]')]/ancestor::*[substring-after(@class, "form-")="group" or substring-before(@class, "group")="form-"]//*[self::input or self::textarea]</arg>
<arg>ELSE</arg>
<arg>SeleniumLibrary.Get WebElement</arg>
<arg>//h3[contains(text(),'@{element_parameterek}[0]')]/..//label[contains(text(),'@{element_parameterek}[1]')]/ancestor::*[substring-after(@class, "form-")="group" or substring-before(@class, "group")="form-"]//*[self::input or self::textarea]</arg>
</arguments>
<assign>
<var>${element}</var>
</assign>
<kw name="Get WebElement" library="SeleniumLibrary">
<doc>Returns the first WebElement matching the given ``locator``.</doc>
<arguments>
<arg>//h3[contains(text(),'@{element_parameterek}[0]')]/..//label[contains(text(),'@{element_parameterek}[1]')]/ancestor::*[substring-after(@class, "form-")="group" or substring-before(@class, "group")="form-"]//*[self::input or self::textarea]</arg>
</arguments>
<status status="PASS" starttime="20191003 08:41:18.771" endtime="20191003 08:41:18.792"></status>
</kw>
<msg timestamp="20191003 08:41:18.793" level="INFO">${element} = &lt;selenium.webdriver.remote.webelement.WebElement (session="371df3932e8e1299d2cef84c0fd55019", element="62e06d39-40b8-4da1-beba-8caf9b41ac6c")&gt;</msg>
<status status="PASS" starttime="20191003 08:41:18.768" endtime="20191003 08:41:18.794"></status>
</kw>
<status status="PASS" starttime="20191003 08:41:18.756" endtime="20191003 08:41:18.795"></status>
</kw>
<status status="PASS" starttime="20191003 08:41:18.751" endtime="20191003 08:41:19.123"></status>
</kw>
<status status="PASS" starttime="20191003 08:41:18.747" endtime="20191003 08:41:19.124"></status>
</kw>
<kw name="Szövegbeírás">
<arguments>
<arg>Your address;Address</arg>
<arg>${Address}</arg>
</arguments>
<kw name="Input Text" library="SeleniumLibrary">
<doc>Types the given ``text`` into text field identified by ``locator``.</doc>
<arguments>
<arg>LOC_text:${hely}</arg>
<arg>${szoveg}</arg>
</arguments>
<msg timestamp="20191003 08:41:19.132" level="INFO">Typing text '1055 Budapest' into text field 'LOC_text:Your address;Address'.</msg>
<kw name="Locator Text" library="locator">
<arguments>
<arg>&lt;selenium.webdriver.chrome.webdriver.WebDriver (session="371df3932e8e1299d2cef84c0fd55019")&gt;</arg>
<arg>Your address;Address</arg>
<arg>None</arg>
<arg>{}</arg>
</arguments>
<kw name="Split String" library="String">
<doc>Splits the ``string`` using ``separator`` as a delimiter string.</doc>
<arguments>
<arg>${locator}</arg>
<arg>;</arg>
</arguments>
<assign>
<var>@{element_parameterek}</var>
</assign>
<msg timestamp="20191003 08:41:19.137" level="INFO">@{element_parameterek} = [ Your address | Address ]</msg>
<status status="PASS" starttime="20191003 08:41:19.134" endtime="20191003 08:41:19.137"></status>
</kw>
<kw name="Get Length" library="BuiltIn">
<doc>Returns and logs the length of the given item as an integer.</doc>
<arguments>
<arg>${element_parameterek}</arg>
</arguments>
<assign>
<var>${lista_meret}</var>
</assign>
<msg timestamp="20191003 08:41:19.140" level="INFO">Length is 2</msg>
<msg timestamp="20191003 08:41:19.140" level="INFO">${lista_meret} = 2</msg>
<status status="PASS" starttime="20191003 08:41:19.138" endtime="20191003 08:41:19.140"></status>
</kw>
<kw name="Run Keyword If" library="BuiltIn">
<doc>Runs the given keyword with the given arguments, if ``condition`` is true.</doc>
<arguments>
<arg>${lista_meret} &lt; 2</arg>
<arg>SeleniumLibrary.Get WebElement</arg>
<arg>//label[contains(text(),'@{element_parameterek}[0]')]/ancestor::*[substring-after(@class, "form-")="group" or substring-before(@class, "group")="form-"]//*[self::input or self::textarea]</arg>
<arg>ELSE</arg>
<arg>SeleniumLibrary.Get WebElement</arg>
<arg>//h3[contains(text(),'@{element_parameterek}[0]')]/..//label[contains(text(),'@{element_parameterek}[1]')]/ancestor::*[substring-after(@class, "form-")="group" or substring-before(@class, "group")="form-"]//*[self::input or self::textarea]</arg>
</arguments>
<assign>
<var>${element}</var>
</assign>
<kw name="Get WebElement" library="SeleniumLibrary">
<doc>Returns the first WebElement matching the given ``locator``.</doc>
<arguments>
<arg>//h3[contains(text(),'@{element_parameterek}[0]')]/..//label[contains(text(),'@{element_parameterek}[1]')]/ancestor::*[substring-after(@class, "form-")="group" or substring-before(@class, "group")="form-"]//*[self::input or self::textarea]</arg>
</arguments>
<status status="PASS" starttime="20191003 08:41:19.144" endtime="20191003 08:41:19.164"></status>
</kw>
<msg timestamp="20191003 08:41:19.164" level="INFO">${element} = &lt;selenium.webdriver.remote.webelement.WebElement (session="371df3932e8e1299d2cef84c0fd55019", element="987e109f-8166-4647-9a6a-858efa378011")&gt;</msg>
<status status="PASS" starttime="20191003 08:41:19.141" endtime="20191003 08:41:19.164"></status>
</kw>
<status status="PASS" starttime="20191003 08:41:19.132" endtime="20191003 08:41:19.164"></status>
</kw>
<status status="PASS" starttime="20191003 08:41:19.128" endtime="20191003 08:41:19.359"></status>
</kw>
<status status="PASS" starttime="20191003 08:41:19.125" endtime="20191003 08:41:19.360"></status>
</kw>
<kw name="Szövegbeírás">
<arguments>
<arg>Your address;Address (Line 2)</arg>
<arg>${Address2}</arg>
</arguments>
<kw name="Input Text" library="SeleniumLibrary">
<doc>Types the given ``text`` into text field identified by ``locator``.</doc>
<arguments>
<arg>LOC_text:${hely}</arg>
<arg>${szoveg}</arg>
</arguments>
<msg timestamp="20191003 08:41:19.368" level="INFO">Typing text 'Kossuth tér 1-3.' into text field 'LOC_text:Your address;Address (Line 2)'.</msg>
<kw name="Locator Text" library="locator">
<arguments>
<arg>&lt;selenium.webdriver.chrome.webdriver.WebDriver (session="371df3932e8e1299d2cef84c0fd55019")&gt;</arg>
<arg>Your address;Address (Line 2)</arg>
<arg>None</arg>
<arg>{}</arg>
</arguments>
<kw name="Split String" library="String">
<doc>Splits the ``string`` using ``separator`` as a delimiter string.</doc>
<arguments>
<arg>${locator}</arg>
<arg>;</arg>
</arguments>
<assign>
<var>@{element_parameterek}</var>
</assign>
<msg timestamp="20191003 08:41:19.375" level="INFO">@{element_parameterek} = [ Your address | Address (Line 2) ]</msg>
<status status="PASS" starttime="20191003 08:41:19.372" endtime="20191003 08:41:19.375"></status>
</kw>
<kw name="Get Length" library="BuiltIn">
<doc>Returns and logs the length of the given item as an integer.</doc>
<arguments>
<arg>${element_parameterek}</arg>
</arguments>
<assign>
<var>${lista_meret}</var>
</assign>
<msg timestamp="20191003 08:41:19.378" level="INFO">Length is 2</msg>
<msg timestamp="20191003 08:41:19.378" level="INFO">${lista_meret} = 2</msg>
<status status="PASS" starttime="20191003 08:41:19.376" endtime="20191003 08:41:19.378"></status>
</kw>
<kw name="Run Keyword If" library="BuiltIn">
<doc>Runs the given keyword with the given arguments, if ``condition`` is true.</doc>
<arguments>
<arg>${lista_meret} &lt; 2</arg>
<arg>SeleniumLibrary.Get WebElement</arg>
<arg>//label[contains(text(),'@{element_parameterek}[0]')]/ancestor::*[substring-after(@class, "form-")="group" or substring-before(@class, "group")="form-"]//*[self::input or self::textarea]</arg>
<arg>ELSE</arg>
<arg>SeleniumLibrary.Get WebElement</arg>
<arg>//h3[contains(text(),'@{element_parameterek}[0]')]/..//label[contains(text(),'@{element_parameterek}[1]')]/ancestor::*[substring-after(@class, "form-")="group" or substring-before(@class, "group")="form-"]//*[self::input or self::textarea]</arg>
</arguments>
<assign>
<var>${element}</var>
</assign>
<kw name="Get WebElement" library="SeleniumLibrary">
<doc>Returns the first WebElement matching the given ``locator``.</doc>
<arguments>
<arg>//h3[contains(text(),'@{element_parameterek}[0]')]/..//label[contains(text(),'@{element_parameterek}[1]')]/ancestor::*[substring-after(@class, "form-")="group" or substring-before(@class, "group")="form-"]//*[self::input or self::textarea]</arg>
</arguments>
<status status="PASS" starttime="20191003 08:41:19.384" endtime="20191003 08:41:19.403"></status>
</kw>
<msg timestamp="20191003 08:41:19.404" level="INFO">${element} = &lt;selenium.webdriver.remote.webelement.WebElement (session="371df3932e8e1299d2cef84c0fd55019", element="3ec869ef-8f9c-4a05-9a4a-16bc7c00305b")&gt;</msg>
<status status="PASS" starttime="20191003 08:41:19.380" endtime="20191003 08:41:19.405"></status>
</kw>
<status status="PASS" starttime="20191003 08:41:19.369" endtime="20191003 08:41:19.405"></status>
</kw>
<status status="PASS" starttime="20191003 08:41:19.364" endtime="20191003 08:41:19.626"></status>
</kw>
<status status="PASS" starttime="20191003 08:41:19.361" endtime="20191003 08:41:19.627"></status>
</kw>
<kw name="Szövegbeírás">
<arguments>
<arg>Your address;City</arg>
<arg>${City}</arg>
</arguments>
<kw name="Input Text" library="SeleniumLibrary">
<doc>Types the given ``text`` into text field identified by ``locator``.</doc>
<arguments>
<arg>LOC_text:${hely}</arg>
<arg>${szoveg}</arg>
</arguments>
<msg timestamp="20191003 08:41:19.634" level="INFO">Typing text 'Honolulu' into text field 'LOC_text:Your address;City'.</msg>
<kw name="Locator Text" library="locator">
<arguments>
<arg>&lt;selenium.webdriver.chrome.webdriver.WebDriver (session="371df3932e8e1299d2cef84c0fd55019")&gt;</arg>
<arg>Your address;City</arg>
<arg>None</arg>
<arg>{}</arg>
</arguments>
<kw name="Split String" library="String">
<doc>Splits the ``string`` using ``separator`` as a delimiter string.</doc>
<arguments>
<arg>${locator}</arg>
<arg>;</arg>
</arguments>
<assign>
<var>@{element_parameterek}</var>
</assign>
<msg timestamp="20191003 08:41:19.640" level="INFO">@{element_parameterek} = [ Your address | City ]</msg>
<status status="PASS" starttime="20191003 08:41:19.637" endtime="20191003 08:41:19.640"></status>
</kw>
<kw name="Get Length" library="BuiltIn">
<doc>Returns and logs the length of the given item as an integer.</doc>
<arguments>
<arg>${element_parameterek}</arg>
</arguments>
<assign>
<var>${lista_meret}</var>
</assign>
<msg timestamp="20191003 08:41:19.643" level="INFO">Length is 2</msg>
<msg timestamp="20191003 08:41:19.643" level="INFO">${lista_meret} = 2</msg>
<status status="PASS" starttime="20191003 08:41:19.641" endtime="20191003 08:41:19.644"></status>
</kw>
<kw name="Run Keyword If" library="BuiltIn">
<doc>Runs the given keyword with the given arguments, if ``condition`` is true.</doc>
<arguments>
<arg>${lista_meret} &lt; 2</arg>
<arg>SeleniumLibrary.Get WebElement</arg>
<arg>//label[contains(text(),'@{element_parameterek}[0]')]/ancestor::*[substring-after(@class, "form-")="group" or substring-before(@class, "group")="form-"]//*[self::input or self::textarea]</arg>
<arg>ELSE</arg>
<arg>SeleniumLibrary.Get WebElement</arg>
<arg>//h3[contains(text(),'@{element_parameterek}[0]')]/..//label[contains(text(),'@{element_parameterek}[1]')]/ancestor::*[substring-after(@class, "form-")="group" or substring-before(@class, "group")="form-"]//*[self::input or self::textarea]</arg>
</arguments>
<assign>
<var>${element}</var>
</assign>
<kw name="Get WebElement" library="SeleniumLibrary">
<doc>Returns the first WebElement matching the given ``locator``.</doc>
<arguments>
<arg>//h3[contains(text(),'@{element_parameterek}[0]')]/..//label[contains(text(),'@{element_parameterek}[1]')]/ancestor::*[substring-after(@class, "form-")="group" or substring-before(@class, "group")="form-"]//*[self::input or self::textarea]</arg>
</arguments>
<status status="PASS" starttime="20191003 08:41:19.647" endtime="20191003 08:41:19.666"></status>
</kw>
<msg timestamp="20191003 08:41:19.667" level="INFO">${element} = &lt;selenium.webdriver.remote.webelement.WebElement (session="371df3932e8e1299d2cef84c0fd55019", element="d22ba418-da85-4c68-8e8f-c86d74651ff2")&gt;</msg>
<status status="PASS" starttime="20191003 08:41:19.644" endtime="20191003 08:41:19.668"></status>
</kw>
<status status="PASS" starttime="20191003 08:41:19.634" endtime="20191003 08:41:19.669"></status>
</kw>
<status status="PASS" starttime="20191003 08:41:19.630" endtime="20191003 08:41:19.804"></status>
</kw>
<status status="PASS" starttime="20191003 08:41:19.627" endtime="20191003 08:41:19.805"></status>
</kw>
<kw name="Legördülő beállítás">
<arguments>
<arg>Your address;State</arg>
<arg>${State}</arg>
</arguments>
<kw name="Select From List By Label" library="SeleniumLibrary">
<doc>Selects options from selection list ``locator`` by ``labels``.</doc>
<arguments>
<arg>LOC_Select:${hely}</arg>
<arg>${ertek}</arg>
</arguments>
<msg timestamp="20191003 08:41:19.826" level="INFO">Selecting options from selection list 'LOC_Select:Your address;State' by label Hawaii.</msg>
<kw name="Locator Select" library="locator">
<arguments>
<arg>&lt;selenium.webdriver.chrome.webdriver.WebDriver (session="371df3932e8e1299d2cef84c0fd55019")&gt;</arg>
<arg>Your address;State</arg>
<arg>select</arg>
<arg>{}</arg>
</arguments>
<kw name="Split String" library="String">
<doc>Splits the ``string`` using ``separator`` as a delimiter string.</doc>
<arguments>
<arg>${locator}</arg>
<arg>;</arg>
</arguments>
<assign>
<var>@{element_parameterek}</var>
</assign>
<msg timestamp="20191003 08:41:19.841" level="INFO">@{element_parameterek} = [ Your address | State ]</msg>
<status status="PASS" starttime="20191003 08:41:19.838" endtime="20191003 08:41:19.841"></status>
</kw>
<kw name="Get Length" library="BuiltIn">
<doc>Returns and logs the length of the given item as an integer.</doc>
<arguments>
<arg>${element_parameterek}</arg>
</arguments>
<assign>
<var>${lista_meret}</var>
</assign>
<msg timestamp="20191003 08:41:19.843" level="INFO">Length is 2</msg>
<msg timestamp="20191003 08:41:19.844" level="INFO">${lista_meret} = 2</msg>
<status status="PASS" starttime="20191003 08:41:19.841" endtime="20191003 08:41:19.844"></status>
</kw>
<kw name="Run Keyword If" library="BuiltIn">
<doc>Runs the given keyword with the given arguments, if ``condition`` is true.</doc>
<arguments>
<arg>${lista_meret} &lt; 2</arg>
<arg>SeleniumLibrary.Get WebElement</arg>
<arg>//label[contains(text(),'@{element_parameterek}[0]')]/ancestor::*[substring-after(@class, "form-")="group" or substring-before(@class, "group")="form-"]//select</arg>
<arg>ELSE</arg>
<arg>SeleniumLibrary.Get WebElement</arg>
<arg>//h3[contains(text(),'@{element_parameterek}[0]')]/..//label[contains(text(),'@{element_parameterek}[1]')]/ancestor::*[substring-after(@class, "form-")="group" or substring-before(@class, "group")="form-"]//select</arg>
</arguments>
<assign>
<var>${element}</var>
</assign>
<kw name="Get WebElement" library="SeleniumLibrary">
<doc>Returns the first WebElement matching the given ``locator``.</doc>
<arguments>
<arg>//h3[contains(text(),'@{element_parameterek}[0]')]/..//label[contains(text(),'@{element_parameterek}[1]')]/ancestor::*[substring-after(@class, "form-")="group" or substring-before(@class, "group")="form-"]//select</arg>
</arguments>
<status status="PASS" starttime="20191003 08:41:19.847" endtime="20191003 08:41:19.866"></status>
</kw>
<msg timestamp="20191003 08:41:19.866" level="INFO">${element} = &lt;selenium.webdriver.remote.webelement.WebElement (session="371df3932e8e1299d2cef84c0fd55019", element="16321466-0b20-4e29-bdd3-a0972d8e035b")&gt;</msg>
<status status="PASS" starttime="20191003 08:41:19.845" endtime="20191003 08:41:19.867"></status>
</kw>
<status status="PASS" starttime="20191003 08:41:19.827" endtime="20191003 08:41:19.868"></status>
</kw>
<status status="PASS" starttime="20191003 08:41:19.813" endtime="20191003 08:41:19.955"></status>
</kw>
<status status="PASS" starttime="20191003 08:41:19.806" endtime="20191003 08:41:19.956"></status>
</kw>
<kw name="Szövegbeírás">
<arguments>
<arg>Your address;Zip/Postal Code</arg>
<arg>${Zip}</arg>
</arguments>
<kw name="Input Text" library="SeleniumLibrary">
<doc>Types the given ``text`` into text field identified by ``locator``.</doc>
<arguments>
<arg>LOC_text:${hely}</arg>
<arg>${szoveg}</arg>
</arguments>
<msg timestamp="20191003 08:41:19.961" level="INFO">Typing text '11111' into text field 'LOC_text:Your address;Zip/Postal Code'.</msg>
<kw name="Locator Text" library="locator">
<arguments>
<arg>&lt;selenium.webdriver.chrome.webdriver.WebDriver (session="371df3932e8e1299d2cef84c0fd55019")&gt;</arg>
<arg>Your address;Zip/Postal Code</arg>
<arg>None</arg>
<arg>{}</arg>
</arguments>
<kw name="Split String" library="String">
<doc>Splits the ``string`` using ``separator`` as a delimiter string.</doc>
<arguments>
<arg>${locator}</arg>
<arg>;</arg>
</arguments>
<assign>
<var>@{element_parameterek}</var>
</assign>
<msg timestamp="20191003 08:41:19.967" level="INFO">@{element_parameterek} = [ Your address | Zip/Postal Code ]</msg>
<status status="PASS" starttime="20191003 08:41:19.964" endtime="20191003 08:41:19.967"></status>
</kw>
<kw name="Get Length" library="BuiltIn">
<doc>Returns and logs the length of the given item as an integer.</doc>
<arguments>
<arg>${element_parameterek}</arg>
</arguments>
<assign>
<var>${lista_meret}</var>
</assign>
<msg timestamp="20191003 08:41:19.972" level="INFO">Length is 2</msg>
<msg timestamp="20191003 08:41:19.972" level="INFO">${lista_meret} = 2</msg>
<status status="PASS" starttime="20191003 08:41:19.968" endtime="20191003 08:41:19.972"></status>
</kw>
<kw name="Run Keyword If" library="BuiltIn">
<doc>Runs the given keyword with the given arguments, if ``condition`` is true.</doc>
<arguments>
<arg>${lista_meret} &lt; 2</arg>
<arg>SeleniumLibrary.Get WebElement</arg>
<arg>//label[contains(text(),'@{element_parameterek}[0]')]/ancestor::*[substring-after(@class, "form-")="group" or substring-before(@class, "group")="form-"]//*[self::input or self::textarea]</arg>
<arg>ELSE</arg>
<arg>SeleniumLibrary.Get WebElement</arg>
<arg>//h3[contains(text(),'@{element_parameterek}[0]')]/..//label[contains(text(),'@{element_parameterek}[1]')]/ancestor::*[substring-after(@class, "form-")="group" or substring-before(@class, "group")="form-"]//*[self::input or self::textarea]</arg>
</arguments>
<assign>
<var>${element}</var>
</assign>
<kw name="Get WebElement" library="SeleniumLibrary">
<doc>Returns the first WebElement matching the given ``locator``.</doc>
<arguments>
<arg>//h3[contains(text(),'@{element_parameterek}[0]')]/..//label[contains(text(),'@{element_parameterek}[1]')]/ancestor::*[substring-after(@class, "form-")="group" or substring-before(@class, "group")="form-"]//*[self::input or self::textarea]</arg>
</arguments>
<status status="PASS" starttime="20191003 08:41:19.975" endtime="20191003 08:41:19.993"></status>
</kw>
<msg timestamp="20191003 08:41:19.993" level="INFO">${element} = &lt;selenium.webdriver.remote.webelement.WebElement (session="371df3932e8e1299d2cef84c0fd55019", element="27ca786e-2263-4c36-8b52-dc9b70d607ae")&gt;</msg>
<status status="PASS" starttime="20191003 08:41:19.973" endtime="20191003 08:41:19.993"></status>
</kw>
<status status="PASS" starttime="20191003 08:41:19.962" endtime="20191003 08:41:19.994"></status>
</kw>
<status status="PASS" starttime="20191003 08:41:19.959" endtime="20191003 08:41:20.122"></status>
</kw>
<status status="PASS" starttime="20191003 08:41:19.957" endtime="20191003 08:41:20.123"></status>
</kw>
<kw name="Legördülő beállítás">
<arguments>
<arg>Country</arg>
<arg>${Country}</arg>
</arguments>
<kw name="Select From List By Label" library="SeleniumLibrary">
<doc>Selects options from selection list ``locator`` by ``labels``.</doc>
<arguments>
<arg>LOC_Select:${hely}</arg>
<arg>${ertek}</arg>
</arguments>
<msg timestamp="20191003 08:41:20.128" level="INFO">Selecting options from selection list 'LOC_Select:Country' by label United States.</msg>
<kw name="Locator Select" library="locator">
<arguments>
<arg>&lt;selenium.webdriver.chrome.webdriver.WebDriver (session="371df3932e8e1299d2cef84c0fd55019")&gt;</arg>
<arg>Country</arg>
<arg>select</arg>
<arg>{}</arg>
</arguments>
<kw name="Split String" library="String">
<doc>Splits the ``string`` using ``separator`` as a delimiter string.</doc>
<arguments>
<arg>${locator}</arg>
<arg>;</arg>
</arguments>
<assign>
<var>@{element_parameterek}</var>
</assign>
<msg timestamp="20191003 08:41:20.135" level="INFO">@{element_parameterek} = [ Country ]</msg>
<status status="PASS" starttime="20191003 08:41:20.131" endtime="20191003 08:41:20.136"></status>
</kw>
<kw name="Get Length" library="BuiltIn">
<doc>Returns and logs the length of the given item as an integer.</doc>
<arguments>
<arg>${element_parameterek}</arg>
</arguments>
<assign>
<var>${lista_meret}</var>
</assign>
<msg timestamp="20191003 08:41:20.140" level="INFO">Length is 1</msg>
<msg timestamp="20191003 08:41:20.140" level="INFO">${lista_meret} = 1</msg>
<status status="PASS" starttime="20191003 08:41:20.137" endtime="20191003 08:41:20.141"></status>
</kw>
<kw name="Run Keyword If" library="BuiltIn">
<doc>Runs the given keyword with the given arguments, if ``condition`` is true.</doc>
<arguments>
<arg>${lista_meret} &lt; 2</arg>
<arg>SeleniumLibrary.Get WebElement</arg>
<arg>//label[contains(text(),'@{element_parameterek}[0]')]/ancestor::*[substring-after(@class, "form-")="group" or substring-before(@class, "group")="form-"]//select</arg>
<arg>ELSE</arg>
<arg>SeleniumLibrary.Get WebElement</arg>
<arg>//h3[contains(text(),'@{element_parameterek}[0]')]/..//label[contains(text(),'@{element_parameterek}[1]')]/ancestor::*[substring-after(@class, "form-")="group" or substring-before(@class, "group")="form-"]//select</arg>
</arguments>
<assign>
<var>${element}</var>
</assign>
<kw name="Get WebElement" library="SeleniumLibrary">
<doc>Returns the first WebElement matching the given ``locator``.</doc>
<arguments>
<arg>//label[contains(text(),'@{element_parameterek}[0]')]/ancestor::*[substring-after(@class, "form-")="group" or substring-before(@class, "group")="form-"]//select</arg>
</arguments>
<status status="PASS" starttime="20191003 08:41:20.144" endtime="20191003 08:41:20.163"></status>
</kw>
<msg timestamp="20191003 08:41:20.164" level="INFO">${element} = &lt;selenium.webdriver.remote.webelement.WebElement (session="371df3932e8e1299d2cef84c0fd55019", element="69a49b42-ab06-4dad-b9bb-2ef7c14748d3")&gt;</msg>
<status status="PASS" starttime="20191003 08:41:20.141" endtime="20191003 08:41:20.164"></status>
</kw>
<status status="PASS" starttime="20191003 08:41:20.129" endtime="20191003 08:41:20.165"></status>
</kw>
<status status="PASS" starttime="20191003 08:41:20.126" endtime="20191003 08:41:20.209"></status>
</kw>
<status status="PASS" starttime="20191003 08:41:20.124" endtime="20191003 08:41:20.210"></status>
</kw>
<kw name="Szövegbeírás">
<arguments>
<arg>Your address;Additional information</arg>
<arg>${Additional information}</arg>
</arguments>
<kw name="Input Text" library="SeleniumLibrary">
<doc>Types the given ``text`` into text field identified by ``locator``.</doc>
<arguments>
<arg>LOC_text:${hely}</arg>
<arg>${szoveg}</arg>
</arguments>
<msg timestamp="20191003 08:41:20.217" level="INFO">Typing text 'Nem vagyok robot.' into text field 'LOC_text:Your address;Additional information'.</msg>
<kw name="Locator Text" library="locator">
<arguments>
<arg>&lt;selenium.webdriver.chrome.webdriver.WebDriver (session="371df3932e8e1299d2cef84c0fd55019")&gt;</arg>
<arg>Your address;Additional information</arg>
<arg>None</arg>
<arg>{}</arg>
</arguments>
<kw name="Split String" library="String">
<doc>Splits the ``string`` using ``separator`` as a delimiter string.</doc>
<arguments>
<arg>${locator}</arg>
<arg>;</arg>
</arguments>
<assign>
<var>@{element_parameterek}</var>
</assign>
<msg timestamp="20191003 08:41:20.225" level="INFO">@{element_parameterek} = [ Your address | Additional information ]</msg>
<status status="PASS" starttime="20191003 08:41:20.221" endtime="20191003 08:41:20.225"></status>
</kw>
<kw name="Get Length" library="BuiltIn">
<doc>Returns and logs the length of the given item as an integer.</doc>
<arguments>
<arg>${element_parameterek}</arg>
</arguments>
<assign>
<var>${lista_meret}</var>
</assign>
<msg timestamp="20191003 08:41:20.229" level="INFO">Length is 2</msg>
<msg timestamp="20191003 08:41:20.230" level="INFO">${lista_meret} = 2</msg>
<status status="PASS" starttime="20191003 08:41:20.226" endtime="20191003 08:41:20.230"></status>
</kw>
<kw name="Run Keyword If" library="BuiltIn">
<doc>Runs the given keyword with the given arguments, if ``condition`` is true.</doc>
<arguments>
<arg>${lista_meret} &lt; 2</arg>
<arg>SeleniumLibrary.Get WebElement</arg>
<arg>//label[contains(text(),'@{element_parameterek}[0]')]/ancestor::*[substring-after(@class, "form-")="group" or substring-before(@class, "group")="form-"]//*[self::input or self::textarea]</arg>
<arg>ELSE</arg>
<arg>SeleniumLibrary.Get WebElement</arg>
<arg>//h3[contains(text(),'@{element_parameterek}[0]')]/..//label[contains(text(),'@{element_parameterek}[1]')]/ancestor::*[substring-after(@class, "form-")="group" or substring-before(@class, "group")="form-"]//*[self::input or self::textarea]</arg>
</arguments>
<assign>
<var>${element}</var>
</assign>
<kw name="Get WebElement" library="SeleniumLibrary">
<doc>Returns the first WebElement matching the given ``locator``.</doc>
<arguments>
<arg>//h3[contains(text(),'@{element_parameterek}[0]')]/..//label[contains(text(),'@{element_parameterek}[1]')]/ancestor::*[substring-after(@class, "form-")="group" or substring-before(@class, "group")="form-"]//*[self::input or self::textarea]</arg>
</arguments>
<status status="PASS" starttime="20191003 08:41:20.236" endtime="20191003 08:41:20.257"></status>
</kw>
<msg timestamp="20191003 08:41:20.258" level="INFO">${element} = &lt;selenium.webdriver.remote.webelement.WebElement (session="371df3932e8e1299d2cef84c0fd55019", element="5aa6ddb6-a2c2-4a18-a077-6271d51a4370")&gt;</msg>
<status status="PASS" starttime="20191003 08:41:20.232" endtime="20191003 08:41:20.259"></status>
</kw>
<status status="PASS" starttime="20191003 08:41:20.217" endtime="20191003 08:41:20.259"></status>
</kw>
<status status="PASS" starttime="20191003 08:41:20.213" endtime="20191003 08:41:20.526"></status>
</kw>
<status status="PASS" starttime="20191003 08:41:20.211" endtime="20191003 08:41:20.527"></status>
</kw>
<kw name="Szövegbeírás">
<arguments>
<arg>Your address;Home phone</arg>
<arg>${Home phone}</arg>
</arguments>
<kw name="Input Text" library="SeleniumLibrary">
<doc>Types the given ``text`` into text field identified by ``locator``.</doc>
<arguments>
<arg>LOC_text:${hely}</arg>
<arg>${szoveg}</arg>
</arguments>
<msg timestamp="20191003 08:41:20.534" level="INFO">Typing text '36111111111' into text field 'LOC_text:Your address;Home phone'.</msg>
<kw name="Locator Text" library="locator">
<arguments>
<arg>&lt;selenium.webdriver.chrome.webdriver.WebDriver (session="371df3932e8e1299d2cef84c0fd55019")&gt;</arg>
<arg>Your address;Home phone</arg>
<arg>None</arg>
<arg>{}</arg>
</arguments>
<kw name="Split String" library="String">
<doc>Splits the ``string`` using ``separator`` as a delimiter string.</doc>
<arguments>
<arg>${locator}</arg>
<arg>;</arg>
</arguments>
<assign>
<var>@{element_parameterek}</var>
</assign>
<msg timestamp="20191003 08:41:20.539" level="INFO">@{element_parameterek} = [ Your address | Home phone ]</msg>
<status status="PASS" starttime="20191003 08:41:20.537" endtime="20191003 08:41:20.539"></status>
</kw>
<kw name="Get Length" library="BuiltIn">
<doc>Returns and logs the length of the given item as an integer.</doc>
<arguments>
<arg>${element_parameterek}</arg>
</arguments>
<assign>
<var>${lista_meret}</var>
</assign>
<msg timestamp="20191003 08:41:20.542" level="INFO">Length is 2</msg>
<msg timestamp="20191003 08:41:20.542" level="INFO">${lista_meret} = 2</msg>
<status status="PASS" starttime="20191003 08:41:20.540" endtime="20191003 08:41:20.543"></status>
</kw>
<kw name="Run Keyword If" library="BuiltIn">
<doc>Runs the given keyword with the given arguments, if ``condition`` is true.</doc>
<arguments>
<arg>${lista_meret} &lt; 2</arg>
<arg>SeleniumLibrary.Get WebElement</arg>
<arg>//label[contains(text(),'@{element_parameterek}[0]')]/ancestor::*[substring-after(@class, "form-")="group" or substring-before(@class, "group")="form-"]//*[self::input or self::textarea]</arg>
<arg>ELSE</arg>
<arg>SeleniumLibrary.Get WebElement</arg>
<arg>//h3[contains(text(),'@{element_parameterek}[0]')]/..//label[contains(text(),'@{element_parameterek}[1]')]/ancestor::*[substring-after(@class, "form-")="group" or substring-before(@class, "group")="form-"]//*[self::input or self::textarea]</arg>
</arguments>
<assign>
<var>${element}</var>
</assign>
<kw name="Get WebElement" library="SeleniumLibrary">
<doc>Returns the first WebElement matching the given ``locator``.</doc>
<arguments>
<arg>//h3[contains(text(),'@{element_parameterek}[0]')]/..//label[contains(text(),'@{element_parameterek}[1]')]/ancestor::*[substring-after(@class, "form-")="group" or substring-before(@class, "group")="form-"]//*[self::input or self::textarea]</arg>
</arguments>
<status status="PASS" starttime="20191003 08:41:20.547" endtime="20191003 08:41:20.564"></status>
</kw>
<msg timestamp="20191003 08:41:20.564" level="INFO">${element} = &lt;selenium.webdriver.remote.webelement.WebElement (session="371df3932e8e1299d2cef84c0fd55019", element="00998077-e524-4c4c-87ca-6eb38d992b7f")&gt;</msg>
<status status="PASS" starttime="20191003 08:41:20.544" endtime="20191003 08:41:20.564"></status>
</kw>
<status status="PASS" starttime="20191003 08:41:20.535" endtime="20191003 08:41:20.564"></status>
</kw>
<status status="PASS" starttime="20191003 08:41:20.530" endtime="20191003 08:41:20.742"></status>
</kw>
<status status="PASS" starttime="20191003 08:41:20.528" endtime="20191003 08:41:20.742"></status>
</kw>
<kw name="Szövegbeírás">
<arguments>
<arg>Your address;Mobile phone</arg>
<arg>${Mobile phone}</arg>
</arguments>
<kw name="Input Text" library="SeleniumLibrary">
<doc>Types the given ``text`` into text field identified by ``locator``.</doc>
<arguments>
<arg>LOC_text:${hely}</arg>
<arg>${szoveg}</arg>
</arguments>
<msg timestamp="20191003 08:41:20.748" level="INFO">Typing text '36111111111' into text field 'LOC_text:Your address;Mobile phone'.</msg>
<kw name="Locator Text" library="locator">
<arguments>
<arg>&lt;selenium.webdriver.chrome.webdriver.WebDriver (session="371df3932e8e1299d2cef84c0fd55019")&gt;</arg>
<arg>Your address;Mobile phone</arg>
<arg>None</arg>
<arg>{}</arg>
</arguments>
<kw name="Split String" library="String">
<doc>Splits the ``string`` using ``separator`` as a delimiter string.</doc>
<arguments>
<arg>${locator}</arg>
<arg>;</arg>
</arguments>
<assign>
<var>@{element_parameterek}</var>
</assign>
<msg timestamp="20191003 08:41:20.755" level="INFO">@{element_parameterek} = [ Your address | Mobile phone ]</msg>
<status status="PASS" starttime="20191003 08:41:20.752" endtime="20191003 08:41:20.755"></status>
</kw>
<kw name="Get Length" library="BuiltIn">
<doc>Returns and logs the length of the given item as an integer.</doc>
<arguments>
<arg>${element_parameterek}</arg>
</arguments>
<assign>
<var>${lista_meret}</var>
</assign>
<msg timestamp="20191003 08:41:20.759" level="INFO">Length is 2</msg>
<msg timestamp="20191003 08:41:20.760" level="INFO">${lista_meret} = 2</msg>
<status status="PASS" starttime="20191003 08:41:20.756" endtime="20191003 08:41:20.760"></status>
</kw>
<kw name="Run Keyword If" library="BuiltIn">
<doc>Runs the given keyword with the given arguments, if ``condition`` is true.</doc>
<arguments>
<arg>${lista_meret} &lt; 2</arg>
<arg>SeleniumLibrary.Get WebElement</arg>
<arg>//label[contains(text(),'@{element_parameterek}[0]')]/ancestor::*[substring-after(@class, "form-")="group" or substring-before(@class, "group")="form-"]//*[self::input or self::textarea]</arg>
<arg>ELSE</arg>
<arg>SeleniumLibrary.Get WebElement</arg>
<arg>//h3[contains(text(),'@{element_parameterek}[0]')]/..//label[contains(text(),'@{element_parameterek}[1]')]/ancestor::*[substring-after(@class, "form-")="group" or substring-before(@class, "group")="form-"]//*[self::input or self::textarea]</arg>
</arguments>
<assign>
<var>${element}</var>
</assign>
<kw name="Get WebElement" library="SeleniumLibrary">
<doc>Returns the first WebElement matching the given ``locator``.</doc>
<arguments>
<arg>//h3[contains(text(),'@{element_parameterek}[0]')]/..//label[contains(text(),'@{element_parameterek}[1]')]/ancestor::*[substring-after(@class, "form-")="group" or substring-before(@class, "group")="form-"]//*[self::input or self::textarea]</arg>
</arguments>
<status status="PASS" starttime="20191003 08:41:20.764" endtime="20191003 08:41:20.789"></status>
</kw>
<msg timestamp="20191003 08:41:20.790" level="INFO">${element} = &lt;selenium.webdriver.remote.webelement.WebElement (session="371df3932e8e1299d2cef84c0fd55019", element="2b5d55eb-8f70-4147-9080-267ad1d571d4")&gt;</msg>
<status status="PASS" starttime="20191003 08:41:20.761" endtime="20191003 08:41:20.790"></status>
</kw>
<status status="PASS" starttime="20191003 08:41:20.749" endtime="20191003 08:41:20.791"></status>
</kw>
<status status="PASS" starttime="20191003 08:41:20.745" endtime="20191003 08:41:20.934"></status>
</kw>
<status status="PASS" starttime="20191003 08:41:20.743" endtime="20191003 08:41:20.935"></status>
</kw>
<kw name="Szövegbeírás">
<arguments>
<arg>Your address;Assign an address alias for future reference.</arg>
<arg>${Alias}</arg>
</arguments>
<kw name="Input Text" library="SeleniumLibrary">
<doc>Types the given ``text`` into text field identified by ``locator``.</doc>
<arguments>
<arg>LOC_text:${hely}</arg>
<arg>${szoveg}</arg>
</arguments>
<msg timestamp="20191003 08:41:20.940" level="INFO">Typing text 'R2D2' into text field 'LOC_text:Your address;Assign an address alias for future reference.'.</msg>
<kw name="Locator Text" library="locator">
<arguments>
<arg>&lt;selenium.webdriver.chrome.webdriver.WebDriver (session="371df3932e8e1299d2cef84c0fd55019")&gt;</arg>
<arg>Your address;Assign an address alias for future reference.</arg>
<arg>None</arg>
<arg>{}</arg>
</arguments>
<kw name="Split String" library="String">
<doc>Splits the ``string`` using ``separator`` as a delimiter string.</doc>
<arguments>
<arg>${locator}</arg>
<arg>;</arg>
</arguments>
<assign>
<var>@{element_parameterek}</var>
</assign>
<msg timestamp="20191003 08:41:20.945" level="INFO">@{element_parameterek} = [ Your address | Assign an address alias for future reference. ]</msg>
<status status="PASS" starttime="20191003 08:41:20.943" endtime="20191003 08:41:20.945"></status>
</kw>
<kw name="Get Length" library="BuiltIn">
<doc>Returns and logs the length of the given item as an integer.</doc>
<arguments>
<arg>${element_parameterek}</arg>
</arguments>
<assign>
<var>${lista_meret}</var>
</assign>
<msg timestamp="20191003 08:41:20.948" level="INFO">Length is 2</msg>
<msg timestamp="20191003 08:41:20.949" level="INFO">${lista_meret} = 2</msg>
<status status="PASS" starttime="20191003 08:41:20.946" endtime="20191003 08:41:20.949"></status>
</kw>
<kw name="Run Keyword If" library="BuiltIn">
<doc>Runs the given keyword with the given arguments, if ``condition`` is true.</doc>
<arguments>
<arg>${lista_meret} &lt; 2</arg>
<arg>SeleniumLibrary.Get WebElement</arg>
<arg>//label[contains(text(),'@{element_parameterek}[0]')]/ancestor::*[substring-after(@class, "form-")="group" or substring-before(@class, "group")="form-"]//*[self::input or self::textarea]</arg>
<arg>ELSE</arg>
<arg>SeleniumLibrary.Get WebElement</arg>
<arg>//h3[contains(text(),'@{element_parameterek}[0]')]/..//label[contains(text(),'@{element_parameterek}[1]')]/ancestor::*[substring-after(@class, "form-")="group" or substring-before(@class, "group")="form-"]//*[self::input or self::textarea]</arg>
</arguments>
<assign>
<var>${element}</var>
</assign>
<kw name="Get WebElement" library="SeleniumLibrary">
<doc>Returns the first WebElement matching the given ``locator``.</doc>
<arguments>
<arg>//h3[contains(text(),'@{element_parameterek}[0]')]/..//label[contains(text(),'@{element_parameterek}[1]')]/ancestor::*[substring-after(@class, "form-")="group" or substring-before(@class, "group")="form-"]//*[self::input or self::textarea]</arg>
</arguments>
<status status="PASS" starttime="20191003 08:41:20.954" endtime="20191003 08:41:20.973"></status>
</kw>
<msg timestamp="20191003 08:41:20.974" level="INFO">${element} = &lt;selenium.webdriver.remote.webelement.WebElement (session="371df3932e8e1299d2cef84c0fd55019", element="d74af85f-14f0-464f-8011-17d991b8afb3")&gt;</msg>
<status status="PASS" starttime="20191003 08:41:20.950" endtime="20191003 08:41:20.974"></status>
</kw>
<status status="PASS" starttime="20191003 08:41:20.941" endtime="20191003 08:41:20.975"></status>
</kw>
<status status="PASS" starttime="20191003 08:41:20.938" endtime="20191003 08:41:21.106"></status>
</kw>
<status status="PASS" starttime="20191003 08:41:20.936" endtime="20191003 08:41:21.106"></status>
</kw>
<kw name="Gombra kattintás">
<arguments>
<arg>Register</arg>
</arguments>
<kw name="Click Element" library="SeleniumLibrary">
<doc>Click element identified by ``locator``.</doc>
<arguments>
<arg>LOC_button:${nev}</arg>
</arguments>
<msg timestamp="20191003 08:41:24.780" level="INFO">Clicking element 'LOC_button:Register'.</msg>
<kw name="Locator Button" library="locator">
<arguments>
<arg>&lt;selenium.webdriver.chrome.webdriver.WebDriver (session="371df3932e8e1299d2cef84c0fd55019")&gt;</arg>
<arg>Register</arg>
<arg>None</arg>
<arg>{}</arg>
</arguments>
<kw name="Split String" library="String">
<doc>Splits the ``string`` using ``separator`` as a delimiter string.</doc>
<arguments>
<arg>${locator}</arg>
<arg>;</arg>
</arguments>
<assign>
<var>@{element_parameterek}</var>
</assign>
<msg timestamp="20191003 08:41:24.780" level="INFO">@{element_parameterek} = [ Register ]</msg>
<status status="PASS" starttime="20191003 08:41:24.780" endtime="20191003 08:41:24.780"></status>
</kw>
